[0.008s] Invoking command in '/home/matt/Desktop/luna/build/realsense2_camera': AMENT_PREFIX_PATH=/home/matt/Desktop/luna/install/realsense2_camera_msgs:${AMENT_PREFIX_PATH} CMAKE_PREFIX_PATH=/home/matt/Desktop/luna/install/realsense2_camera_msgs:/opt/ros/humble LD_LIBRARY_PATH=/home/matt/Desktop/luna/install/realsense2_camera_msgs/lib:${LD_LIBRARY_PATH} PYTHONPATH=/home/matt/Desktop/luna/install/realsense2_camera_msgs/local/lib/python3.10/dist-packages:${PYTHONPATH} /usr/bin/cmake /home/matt/Desktop/luna/src/realsense-ros/realsense2_camera -DCMAKE_INSTALL_PREFIX=/home/matt/Desktop/luna/install/realsense2_camera
[0.061s] -- The C compiler identification is GNU 11.4.0
[0.118s] -- The CXX compiler identification is GNU 11.4.0
[0.125s] -- Detecting C compiler ABI info
[0.192s] -- Detecting C compiler ABI info - done
[0.200s] -- Check for working C compiler: /usr/bin/cc - skipped
[0.201s] -- Detecting C compile features
[0.201s] -- Detecting C compile features - done
[0.204s] -- Detecting CXX compiler ABI info
[0.280s] -- Detecting CXX compiler ABI info - done
[0.288s] -- Check for working CXX compiler: /usr/bin/c++ - skipped
[0.289s] -- Detecting CXX compile features
[0.289s] -- Detecting CXX compile features - done
[0.290s] -- Create Release Build.
[0.291s] -- Found ament_cmake: 1.3.11 (/opt/ros/humble/share/ament_cmake/cmake)
[0.441s] -- Found Python3: /usr/bin/python3 (found version "3.10.12") found components: Interpreter 
[0.528s] -- Found builtin_interfaces: 1.2.1 (/opt/ros/humble/share/builtin_interfaces/cmake)
[0.556s] -- Found rosidl_generator_c: 3.1.6 (/opt/ros/humble/share/rosidl_generator_c/cmake)
[0.561s] -- Found rosidl_adapter: 3.1.6 (/opt/ros/humble/share/rosidl_adapter/cmake)
[0.568s] -- Found rosidl_generator_cpp: 3.1.6 (/opt/ros/humble/share/rosidl_generator_cpp/cmake)
[0.580s] -- Using all available rosidl_typesupport_c: rosidl_typesupport_fastrtps_c;rosidl_typesupport_introspection_c
[0.596s] -- Using all available rosidl_typesupport_cpp: rosidl_typesupport_fastrtps_cpp;rosidl_typesupport_introspection_cpp
[0.612s] -- Found cv_bridge: 3.2.1 (/opt/ros/humble/share/cv_bridge/cmake)
[0.675s] -- Found image_transport: 3.1.11 (/opt/ros/humble/share/image_transport/cmake)
[0.730s] -- Found rmw_implementation_cmake: 6.1.2 (/opt/ros/humble/share/rmw_implementation_cmake/cmake)
[0.733s] -- Found rmw_fastrtps_cpp: 6.2.7 (/opt/ros/humble/share/rmw_fastrtps_cpp/cmake)
[0.813s] -- Found OpenSSL: /usr/lib/x86_64-linux-gnu/libcrypto.so (found version "3.0.2")  
[0.836s] -- Found FastRTPS: /opt/ros/humble/include  
[0.871s] -- Using RMW implementation 'rmw_fastrtps_cpp' as default
[0.880s] -- Looking for pthread.h
[0.943s] -- Looking for pthread.h - found
[0.944s] -- Performing Test CMAKE_HAVE_LIBC_PTHREAD
[1.018s] -- Performing Test CMAKE_HAVE_LIBC_PTHREAD - Success
[1.019s] -- Found Threads: TRUE  
[1.092s] -- Found rclcpp_components: 16.0.12 (/opt/ros/humble/share/rclcpp_components/cmake)
[1.112s] -- Found realsense2_camera_msgs: 4.55.1 (/home/matt/Desktop/luna/install/realsense2_camera_msgs/share/realsense2_camera_msgs/cmake)
[1.129s] -- Found nav_msgs: 4.8.0 (/opt/ros/humble/share/nav_msgs/cmake)
[1.148s] -- Found tf2_ros: 0.25.12 (/opt/ros/humble/share/tf2_ros/cmake)
[1.223s] -- Found diagnostic_updater: 4.0.2 (/opt/ros/humble/share/diagnostic_updater/cmake)
[1.244s] -- Found OpenCV: /usr (found version "4.5.4") found components: core 
[1.246s] -- Build for ROS2 Humble
[1.251s] -- Found ament_cmake_gtest: 1.3.11 (/opt/ros/humble/share/ament_cmake_gtest/cmake)
[1.253s] -- Found gtest sources under '/opt/ros/humble/src/gtest_vendor': C++ tests using 'Google Test' will be built
[1.258s] -- Found ament_cmake_pytest: 1.3.11 (/opt/ros/humble/share/ament_cmake_pytest/cmake)
[4.462s] -- rs_device_info:
[4.462s] -- Device Name                   Serial Number       Firmware Version
[4.463s] Intel RealSense D455          105322251120        5.16.0.1
[4.463s] 
[4.463s] -- D455 device found
[6.930s] -- Configuring done
[6.960s] -- Generating done
[6.967s] -- Build files have been written to: /home/matt/Desktop/luna/build/realsense2_camera
[6.978s] Invoked command in '/home/matt/Desktop/luna/build/realsense2_camera' returned '0': AMENT_PREFIX_PATH=/home/matt/Desktop/luna/install/realsense2_camera_msgs:${AMENT_PREFIX_PATH} CMAKE_PREFIX_PATH=/home/matt/Desktop/luna/install/realsense2_camera_msgs:/opt/ros/humble LD_LIBRARY_PATH=/home/matt/Desktop/luna/install/realsense2_camera_msgs/lib:${LD_LIBRARY_PATH} PYTHONPATH=/home/matt/Desktop/luna/install/realsense2_camera_msgs/local/lib/python3.10/dist-packages:${PYTHONPATH} /usr/bin/cmake /home/matt/Desktop/luna/src/realsense-ros/realsense2_camera -DCMAKE_INSTALL_PREFIX=/home/matt/Desktop/luna/install/realsense2_camera
[6.980s] Invoking command in '/home/matt/Desktop/luna/build/realsense2_camera': AMENT_PREFIX_PATH=/home/matt/Desktop/luna/install/realsense2_camera_msgs:${AMENT_PREFIX_PATH} CMAKE_PREFIX_PATH=/home/matt/Desktop/luna/install/realsense2_camera_msgs:/opt/ros/humble LD_LIBRARY_PATH=/home/matt/Desktop/luna/install/realsense2_camera_msgs/lib:${LD_LIBRARY_PATH} PYTHONPATH=/home/matt/Desktop/luna/install/realsense2_camera_msgs/local/lib/python3.10/dist-packages:${PYTHONPATH} /usr/bin/cmake --build /home/matt/Desktop/luna/build/realsense2_camera -- -j4 -l4
[7.050s] [  9%] [32mBuilding CXX object gtest/CMakeFiles/gtest_main.dir/src/gtest_main.cc.o[0m
[7.050s] [  9%] [32mBuilding CXX object gtest/CMakeFiles/gtest.dir/src/gtest-all.cc.o[0m
[7.050s] [ 13%] [32mBuilding CXX object CMakeFiles/realsense2_camera_node.dir/rclcpp_components/node_main_realsense2_camera_node.cpp.o[0m
[7.051s] [ 18%] [32mBuilding CXX object CMakeFiles/realsense2_camera.dir/src/realsense_node_factory.cpp.o[0m
[7.883s] [ 22%] [32m[1mLinking CXX static library libgtest_main.a[0m
[7.920s] [ 22%] Built target gtest_main
[7.931s] [ 27%] [32mBuilding CXX object CMakeFiles/realsense2_camera.dir/src/base_realsense_node.cpp.o[0m
[11.843s] [ 31%] [32m[1mLinking CXX executable realsense2_camera_node[0m
[12.020s] [ 31%] Built target realsense2_camera_node
[12.034s] [ 36%] [32mBuilding CXX object CMakeFiles/realsense2_camera.dir/src/parameters.cpp.o[0m
[17.376s] [ 40%] [32m[1mLinking CXX static library libgtest.a[0m
[17.422s] [ 40%] Built target gtest
[17.433s] [ 45%] [32mBuilding CXX object CMakeFiles/realsense2_camera.dir/src/rs_node_setup.cpp.o[0m
[20.630s] [ 50%] [32mBuilding CXX object CMakeFiles/realsense2_camera.dir/src/ros_sensor.cpp.o[0m
[21.930s] [ 54%] [32mBuilding CXX object CMakeFiles/realsense2_camera.dir/src/ros_utils.cpp.o[0m
[26.740s] [ 59%] [32mBuilding CXX object CMakeFiles/gtest_template.dir/test/gtest_template.cpp.o[0m
[26.849s] [ 63%] [32mBuilding CXX object CMakeFiles/realsense2_camera.dir/src/dynamic_params.cpp.o[0m
[27.819s] [ 68%] [32m[1mLinking CXX executable gtest_template[0m
[27.952s] [ 68%] Built target gtest_template
[27.963s] [ 72%] [32mBuilding CXX object CMakeFiles/realsense2_camera.dir/src/sensor_params.cpp.o[0m
[30.488s] [ 77%] [32mBuilding CXX object CMakeFiles/realsense2_camera.dir/src/named_filter.cpp.o[0m
[34.519s] [ 81%] [32mBuilding CXX object CMakeFiles/realsense2_camera.dir/src/profile_manager.cpp.o[0m
[34.684s] [ 86%] [32mBuilding CXX object CMakeFiles/realsense2_camera.dir/src/image_publisher.cpp.o[0m
[35.027s] [ 90%] [32mBuilding CXX object CMakeFiles/realsense2_camera.dir/src/tfs.cpp.o[0m
[40.663s] [ 95%] [32mBuilding CXX object CMakeFiles/realsense2_camera.dir/src/ros_param_backend.cpp.o[0m
[46.694s] [100%] [32m[1mLinking CXX shared library librealsense2_camera.so[0m
[47.313s] [100%] Built target realsense2_camera
[47.323s] Invoked command in '/home/matt/Desktop/luna/build/realsense2_camera' returned '0': AMENT_PREFIX_PATH=/home/matt/Desktop/luna/install/realsense2_camera_msgs:${AMENT_PREFIX_PATH} CMAKE_PREFIX_PATH=/home/matt/Desktop/luna/install/realsense2_camera_msgs:/opt/ros/humble LD_LIBRARY_PATH=/home/matt/Desktop/luna/install/realsense2_camera_msgs/lib:${LD_LIBRARY_PATH} PYTHONPATH=/home/matt/Desktop/luna/install/realsense2_camera_msgs/local/lib/python3.10/dist-packages:${PYTHONPATH} /usr/bin/cmake --build /home/matt/Desktop/luna/build/realsense2_camera -- -j4 -l4
[47.324s] Invoking command in '/home/matt/Desktop/luna/build/realsense2_camera': AMENT_PREFIX_PATH=/home/matt/Desktop/luna/install/realsense2_camera_msgs:${AMENT_PREFIX_PATH} CMAKE_PREFIX_PATH=/home/matt/Desktop/luna/install/realsense2_camera_msgs:/opt/ros/humble LD_LIBRARY_PATH=/home/matt/Desktop/luna/install/realsense2_camera_msgs/lib:${LD_LIBRARY_PATH} PYTHONPATH=/home/matt/Desktop/luna/install/realsense2_camera_msgs/local/lib/python3.10/dist-packages:${PYTHONPATH} /usr/bin/cmake --install /home/matt/Desktop/luna/build/realsense2_camera
[47.331s] -- Install configuration: "Release"
[47.331s] -- Installing: /home/matt/Desktop/luna/install/realsense2_camera/lib/realsense2_camera/realsense2_camera_node
[47.332s] -- Set runtime path of "/home/matt/Desktop/luna/install/realsense2_camera/lib/realsense2_camera/realsense2_camera_node" to ""
[47.332s] -- Installing: /home/matt/Desktop/luna/install/realsense2_camera/lib/librealsense2_camera.so
[47.334s] -- Set runtime path of "/home/matt/Desktop/luna/install/realsense2_camera/lib/librealsense2_camera.so" to ""
[47.334s] -- Installing: /home/matt/Desktop/luna/install/realsense2_camera/include
[47.335s] -- Installing: /home/matt/Desktop/luna/install/realsense2_camera/include/constants.h
[47.335s] -- Installing: /home/matt/Desktop/luna/install/realsense2_camera/include/sensor_params.h
[47.335s] -- Installing: /home/matt/Desktop/luna/install/realsense2_camera/include/base_realsense_node.h
[47.335s] -- Installing: /home/matt/Desktop/luna/install/realsense2_camera/include/realsense_node_factory.h
[47.335s] -- Installing: /home/matt/Desktop/luna/install/realsense2_camera/include/image_publisher.h
[47.335s] -- Installing: /home/matt/Desktop/luna/install/realsense2_camera/include/ros_utils.h
[47.335s] -- Installing: /home/matt/Desktop/luna/install/realsense2_camera/include/ros_param_backend.h
[47.335s] -- Installing: /home/matt/Desktop/luna/install/realsense2_camera/include/profile_manager.h
[47.335s] -- Installing: /home/matt/Desktop/luna/install/realsense2_camera/include/named_filter.h
[47.335s] -- Installing: /home/matt/Desktop/luna/install/realsense2_camera/include/gl_window.h
[47.336s] -- Installing: /home/matt/Desktop/luna/install/realsense2_camera/include/ros_sensor.h
[47.336s] -- Installing: /home/matt/Desktop/luna/install/realsense2_camera/include/dynamic_params.h
[47.336s] -- Installing: /home/matt/Desktop/luna/install/realsense2_camera/share/realsense2_camera/launch
[47.336s] -- Installing: /home/matt/Desktop/luna/install/realsense2_camera/share/realsense2_camera/launch/rs_intra_process_demo_launch.py
[47.336s] -- Installing: /home/matt/Desktop/luna/install/realsense2_camera/share/realsense2_camera/launch/default.rviz
[47.336s] -- Installing: /home/matt/Desktop/luna/install/realsense2_camera/share/realsense2_camera/launch/rs_launch.py
[47.336s] -- Installing: /home/matt/Desktop/luna/install/realsense2_camera/share/realsense2_camera/launch/rs_multi_camera_launch.py
[47.336s] -- Installing: /home/matt/Desktop/luna/install/realsense2_camera/share/realsense2_camera/examples
[47.336s] -- Installing: /home/matt/Desktop/luna/install/realsense2_camera/share/realsense2_camera/examples/pointcloud
[47.337s] -- Installing: /home/matt/Desktop/luna/install/realsense2_camera/share/realsense2_camera/examples/pointcloud/rviz
[47.337s] -- Installing: /home/matt/Desktop/luna/install/realsense2_camera/share/realsense2_camera/examples/pointcloud/rviz/pointcloud.rviz
[47.337s] -- Installing: /home/matt/Desktop/luna/install/realsense2_camera/share/realsense2_camera/examples/pointcloud/rviz/urdf_pointcloud.rviz
[47.337s] -- Installing: /home/matt/Desktop/luna/install/realsense2_camera/share/realsense2_camera/examples/pointcloud/rs_d405_pointcloud_launch.py
[47.337s] -- Installing: /home/matt/Desktop/luna/install/realsense2_camera/share/realsense2_camera/examples/pointcloud/rs_pointcloud_launch.py
[47.337s] -- Installing: /home/matt/Desktop/luna/install/realsense2_camera/share/realsense2_camera/examples/pointcloud/rs_d455_pointcloud_launch.py
[47.337s] -- Installing: /home/matt/Desktop/luna/install/realsense2_camera/share/realsense2_camera/examples/pointcloud/README.md
[47.337s] -- Installing: /home/matt/Desktop/luna/install/realsense2_camera/share/realsense2_camera/examples/align_depth
[47.337s] -- Installing: /home/matt/Desktop/luna/install/realsense2_camera/share/realsense2_camera/examples/align_depth/rs_align_depth_launch.py
[47.337s] -- Installing: /home/matt/Desktop/luna/install/realsense2_camera/share/realsense2_camera/examples/align_depth/README.md
[47.337s] -- Installing: /home/matt/Desktop/luna/install/realsense2_camera/share/realsense2_camera/examples/dual_camera
[47.338s] -- Installing: /home/matt/Desktop/luna/install/realsense2_camera/share/realsense2_camera/examples/dual_camera/rviz
[47.338s] -- Installing: /home/matt/Desktop/luna/install/realsense2_camera/share/realsense2_camera/examples/dual_camera/rviz/dual_camera_pointcloud.rviz
[47.338s] -- Installing: /home/matt/Desktop/luna/install/realsense2_camera/share/realsense2_camera/examples/dual_camera/rs_dual_camera_launch.py
[47.338s] -- Installing: /home/matt/Desktop/luna/install/realsense2_camera/share/realsense2_camera/examples/dual_camera/README.md
[47.338s] -- Installing: /home/matt/Desktop/luna/install/realsense2_camera/share/realsense2_camera/examples/launch_from_rosbag
[47.338s] -- Installing: /home/matt/Desktop/luna/install/realsense2_camera/share/realsense2_camera/examples/launch_from_rosbag/rs_launch_from_rosbag.py
[47.338s] -- Installing: /home/matt/Desktop/luna/install/realsense2_camera/share/realsense2_camera/examples/launch_from_rosbag/README.md
[47.338s] -- Installing: /home/matt/Desktop/luna/install/realsense2_camera/share/realsense2_camera/examples/launch_params_from_file
[47.338s] -- Installing: /home/matt/Desktop/luna/install/realsense2_camera/share/realsense2_camera/examples/launch_params_from_file/config
[47.338s] -- Installing: /home/matt/Desktop/luna/install/realsense2_camera/share/realsense2_camera/examples/launch_params_from_file/config/config.yaml
[47.338s] -- Installing: /home/matt/Desktop/luna/install/realsense2_camera/share/realsense2_camera/examples/launch_params_from_file/README.md
[47.338s] -- Installing: /home/matt/Desktop/luna/install/realsense2_camera/share/realsense2_camera/examples/launch_params_from_file/rs_launch_get_params_from_yaml.py
[47.339s] -- Installing: /home/matt/Desktop/luna/install/realsense2_camera/share/realsense2_camera/environment/library_path.sh
[47.339s] -- Installing: /home/matt/Desktop/luna/install/realsense2_camera/share/realsense2_camera/environment/library_path.dsv
[47.339s] -- Installing: /home/matt/Desktop/luna/install/realsense2_camera/share/ament_index/resource_index/package_run_dependencies/realsense2_camera
[47.339s] -- Installing: /home/matt/Desktop/luna/install/realsense2_camera/share/ament_index/resource_index/parent_prefix_path/realsense2_camera
[47.339s] -- Installing: /home/matt/Desktop/luna/install/realsense2_camera/share/realsense2_camera/environment/ament_prefix_path.sh
[47.339s] -- Installing: /home/matt/Desktop/luna/install/realsense2_camera/share/realsense2_camera/environment/ament_prefix_path.dsv
[47.339s] -- Installing: /home/matt/Desktop/luna/install/realsense2_camera/share/realsense2_camera/environment/path.sh
[47.340s] -- Installing: /home/matt/Desktop/luna/install/realsense2_camera/share/realsense2_camera/environment/path.dsv
[47.340s] -- Installing: /home/matt/Desktop/luna/install/realsense2_camera/share/realsense2_camera/local_setup.bash
[47.340s] -- Installing: /home/matt/Desktop/luna/install/realsense2_camera/share/realsense2_camera/local_setup.sh
[47.340s] -- Installing: /home/matt/Desktop/luna/install/realsense2_camera/share/realsense2_camera/local_setup.zsh
[47.340s] -- Installing: /home/matt/Desktop/luna/install/realsense2_camera/share/realsense2_camera/local_setup.dsv
[47.340s] -- Installing: /home/matt/Desktop/luna/install/realsense2_camera/share/realsense2_camera/package.dsv
[47.340s] -- Installing: /home/matt/Desktop/luna/install/realsense2_camera/share/ament_index/resource_index/packages/realsense2_camera
[47.340s] -- Installing: /home/matt/Desktop/luna/install/realsense2_camera/share/ament_index/resource_index/rclcpp_components/realsense2_camera
[47.341s] -- Installing: /home/matt/Desktop/luna/install/realsense2_camera/share/realsense2_camera/cmake/ament_cmake_export_include_directories-extras.cmake
[47.341s] -- Installing: /home/matt/Desktop/luna/install/realsense2_camera/share/realsense2_camera/cmake/ament_cmake_export_libraries-extras.cmake
[47.341s] -- Installing: /home/matt/Desktop/luna/install/realsense2_camera/share/realsense2_camera/cmake/ament_cmake_export_dependencies-extras.cmake
[47.341s] -- Installing: /home/matt/Desktop/luna/install/realsense2_camera/share/realsense2_camera/cmake/realsense2_cameraConfig.cmake
[47.341s] -- Installing: /home/matt/Desktop/luna/install/realsense2_camera/share/realsense2_camera/cmake/realsense2_cameraConfig-version.cmake
[47.341s] -- Installing: /home/matt/Desktop/luna/install/realsense2_camera/share/realsense2_camera/package.xml
[47.343s] Invoked command in '/home/matt/Desktop/luna/build/realsense2_camera' returned '0': AMENT_PREFIX_PATH=/home/matt/Desktop/luna/install/realsense2_camera_msgs:${AMENT_PREFIX_PATH} CMAKE_PREFIX_PATH=/home/matt/Desktop/luna/install/realsense2_camera_msgs:/opt/ros/humble LD_LIBRARY_PATH=/home/matt/Desktop/luna/install/realsense2_camera_msgs/lib:${LD_LIBRARY_PATH} PYTHONPATH=/home/matt/Desktop/luna/install/realsense2_camera_msgs/local/lib/python3.10/dist-packages:${PYTHONPATH} /usr/bin/cmake --install /home/matt/Desktop/luna/build/realsense2_camera
