[0.173s] DEBUG:colcon:Command line arguments: ['/usr/bin/colcon', 'build']
[0.173s] DEBUG:colcon:Parsed command line arguments: Namespace(log_base=None, log_level=None, verb_name='build', build_base='build', install_base='install', merge_install=False, symlink_install=False, test_result_base=None, continue_on_error=False, executor='parallel', parallel_workers=4, event_handlers=None, ignore_user_meta=False, metas=['./colcon.meta'], base_paths=['.'], packages_ignore=None, packages_ignore_regex=None, paths=None, packages_up_to=None, packages_up_to_regex=None, packages_above=None, packages_above_and_dependencies=None, packages_above_depth=None, packages_select_by_dep=None, packages_skip_by_dep=None, packages_skip_up_to=None, packages_select_build_failed=False, packages_skip_build_finished=False, packages_select_test_failures=False, packages_skip_test_passed=False, packages_select=None, packages_skip=None, packages_select_regex=None, packages_skip_regex=None, packages_start=None, packages_end=None, allow_overriding=[], cmake_args=None, cmake_target=None, cmake_target_skip_unavailable=False, cmake_clean_cache=False, cmake_clean_first=False, cmake_force_configure=False, ament_cmake_args=None, catkin_cmake_args=None, catkin_skip_building_tests=False, verb_parser=<colcon_defaults.argument_parser.defaults.DefaultArgumentsDecorator object at 0x7224d411f8b0>, verb_extension=<colcon_core.verb.build.BuildVerb object at 0x7224d411f3a0>, main=<bound method BuildVerb.main of <colcon_core.verb.build.BuildVerb object at 0x7224d411f3a0>>)
[0.365s] Level 1:colcon.colcon_core.package_discovery:discover_packages(colcon_meta) check parameters
[0.365s] Level 1:colcon.colcon_core.package_discovery:discover_packages(recursive) check parameters
[0.365s] Level 1:colcon.colcon_core.package_discovery:discover_packages(ignore) check parameters
[0.365s] Level 1:colcon.colcon_core.package_discovery:discover_packages(path) check parameters
[0.365s] Level 1:colcon.colcon_core.package_discovery:discover_packages(colcon_meta) discover
[0.365s] Level 1:colcon.colcon_core.package_discovery:discover_packages(recursive) discover
[0.366s] INFO:colcon.colcon_core.package_discovery:Crawling recursively for packages in '/home/matt/Desktop/luna'
[0.366s] Level 1:colcon.colcon_core.package_identification:_identify(.) by extensions ['ignore', 'ignore_ament_install']
[0.366s] Level 1:colcon.colcon_core.package_identification:_identify(.) by extension 'ignore'
[0.366s] Level 1:colcon.colcon_core.package_identification:_identify(.) by extension 'ignore_ament_install'
[0.366s] Level 1:colcon.colcon_core.package_identification:_identify(.) by extensions ['colcon_pkg']
[0.366s] Level 1:colcon.colcon_core.package_identification:_identify(.) by extension 'colcon_pkg'
[0.366s] Level 1:colcon.colcon_core.package_identification:_identify(.) by extensions ['colcon_meta']
[0.366s] Level 1:colcon.colcon_core.package_identification:_identify(.) by extension 'colcon_meta'
[0.366s] Level 1:colcon.colcon_core.package_identification:_identify(.) by extensions ['ros']
[0.366s] Level 1:colcon.colcon_core.package_identification:_identify(.) by extension 'ros'
[0.377s] Level 1:colcon.colcon_core.package_identification:_identify(.) by extensions ['cmake', 'python']
[0.377s] Level 1:colcon.colcon_core.package_identification:_identify(.) by extension 'cmake'
[0.377s] Level 1:colcon.colcon_core.package_identification:_identify(.) by extension 'python'
[0.377s] Level 1:colcon.colcon_core.package_identification:_identify(.) by extensions ['python_setup_py']
[0.377s] Level 1:colcon.colcon_core.package_identification:_identify(.) by extension 'python_setup_py'
[0.377s] Level 1:colcon.colcon_core.package_identification:_identify(build) by extensions ['ignore', 'ignore_ament_install']
[0.377s] Level 1:colcon.colcon_core.package_identification:_identify(build) by extension 'ignore'
[0.377s] Level 1:colcon.colcon_core.package_identification:_identify(build) ignored
[0.377s] Level 1:colcon.colcon_core.package_identification:_identify(install) by extensions ['ignore', 'ignore_ament_install']
[0.377s] Level 1:colcon.colcon_core.package_identification:_identify(install) by extension 'ignore'
[0.377s] Level 1:colcon.colcon_core.package_identification:_identify(install) ignored
[0.377s] Level 1:colcon.colcon_core.package_identification:_identify(log) by extensions ['ignore', 'ignore_ament_install']
[0.377s] Level 1:colcon.colcon_core.package_identification:_identify(log) by extension 'ignore'
[0.377s] Level 1:colcon.colcon_core.package_identification:_identify(log) ignored
[0.377s] Level 1:colcon.colcon_core.package_identification:_identify(src) by extensions ['ignore', 'ignore_ament_install']
[0.378s] Level 1:colcon.colcon_core.package_identification:_identify(src) by extension 'ignore'
[0.378s] Level 1:colcon.colcon_core.package_identification:_identify(src) by extension 'ignore_ament_install'
[0.378s] Level 1:colcon.colcon_core.package_identification:_identify(src) by extensions ['colcon_pkg']
[0.378s] Level 1:colcon.colcon_core.package_identification:_identify(src) by extension 'colcon_pkg'
[0.378s] Level 1:colcon.colcon_core.package_identification:_identify(src) by extensions ['colcon_meta']
[0.378s] Level 1:colcon.colcon_core.package_identification:_identify(src) by extension 'colcon_meta'
[0.378s] Level 1:colcon.colcon_core.package_identification:_identify(src) by extensions ['ros']
[0.378s] Level 1:colcon.colcon_core.package_identification:_identify(src) by extension 'ros'
[0.378s] Level 1:colcon.colcon_core.package_identification:_identify(src) by extensions ['cmake', 'python']
[0.378s] Level 1:colcon.colcon_core.package_identification:_identify(src) by extension 'cmake'
[0.378s] Level 1:colcon.colcon_core.package_identification:_identify(src) by extension 'python'
[0.378s] Level 1:colcon.colcon_core.package_identification:_identify(src) by extensions ['python_setup_py']
[0.378s] Level 1:colcon.colcon_core.package_identification:_identify(src) by extension 'python_setup_py'
[0.378s] Level 1:colcon.colcon_core.package_identification:_identify(src/realsense-ros) by extensions ['ignore', 'ignore_ament_install']
[0.378s] Level 1:colcon.colcon_core.package_identification:_identify(src/realsense-ros) by extension 'ignore'
[0.378s] Level 1:colcon.colcon_core.package_identification:_identify(src/realsense-ros) by extension 'ignore_ament_install'
[0.378s] Level 1:colcon.colcon_core.package_identification:_identify(src/realsense-ros) by extensions ['colcon_pkg']
[0.378s] Level 1:colcon.colcon_core.package_identification:_identify(src/realsense-ros) by extension 'colcon_pkg'
[0.378s] Level 1:colcon.colcon_core.package_identification:_identify(src/realsense-ros) by extensions ['colcon_meta']
[0.378s] Level 1:colcon.colcon_core.package_identification:_identify(src/realsense-ros) by extension 'colcon_meta'
[0.378s] Level 1:colcon.colcon_core.package_identification:_identify(src/realsense-ros) by extensions ['ros']
[0.378s] Level 1:colcon.colcon_core.package_identification:_identify(src/realsense-ros) by extension 'ros'
[0.379s] Level 1:colcon.colcon_core.package_identification:_identify(src/realsense-ros) by extensions ['cmake', 'python']
[0.379s] Level 1:colcon.colcon_core.package_identification:_identify(src/realsense-ros) by extension 'cmake'
[0.379s] Level 1:colcon.colcon_core.package_identification:_identify(src/realsense-ros) by extension 'python'
[0.379s] Level 1:colcon.colcon_core.package_identification:_identify(src/realsense-ros) by extensions ['python_setup_py']
[0.379s] Level 1:colcon.colcon_core.package_identification:_identify(src/realsense-ros) by extension 'python_setup_py'
[0.379s] Level 1:colcon.colcon_core.package_identification:_identify(src/realsense-ros/realsense2_camera) by extensions ['ignore', 'ignore_ament_install']
[0.379s] Level 1:colcon.colcon_core.package_identification:_identify(src/realsense-ros/realsense2_camera) by extension 'ignore'
[0.379s] Level 1:colcon.colcon_core.package_identification:_identify(src/realsense-ros/realsense2_camera) by extension 'ignore_ament_install'
[0.379s] Level 1:colcon.colcon_core.package_identification:_identify(src/realsense-ros/realsense2_camera) by extensions ['colcon_pkg']
[0.379s] Level 1:colcon.colcon_core.package_identification:_identify(src/realsense-ros/realsense2_camera) by extension 'colcon_pkg'
[0.379s] Level 1:colcon.colcon_core.package_identification:_identify(src/realsense-ros/realsense2_camera) by extensions ['colcon_meta']
[0.379s] Level 1:colcon.colcon_core.package_identification:_identify(src/realsense-ros/realsense2_camera) by extension 'colcon_meta'
[0.379s] Level 1:colcon.colcon_core.package_identification:_identify(src/realsense-ros/realsense2_camera) by extensions ['ros']
[0.379s] Level 1:colcon.colcon_core.package_identification:_identify(src/realsense-ros/realsense2_camera) by extension 'ros'
[0.386s] DEBUG:colcon.colcon_core.package_identification:Package 'src/realsense-ros/realsense2_camera' with type 'ros.ament_cmake' and name 'realsense2_camera'
[0.386s] Level 1:colcon.colcon_core.package_identification:_identify(src/realsense-ros/realsense2_camera_msgs) by extensions ['ignore', 'ignore_ament_install']
[0.386s] Level 1:colcon.colcon_core.package_identification:_identify(src/realsense-ros/realsense2_camera_msgs) by extension 'ignore'
[0.386s] Level 1:colcon.colcon_core.package_identification:_identify(src/realsense-ros/realsense2_camera_msgs) by extension 'ignore_ament_install'
[0.386s] Level 1:colcon.colcon_core.package_identification:_identify(src/realsense-ros/realsense2_camera_msgs) by extensions ['colcon_pkg']
[0.386s] Level 1:colcon.colcon_core.package_identification:_identify(src/realsense-ros/realsense2_camera_msgs) by extension 'colcon_pkg'
[0.387s] Level 1:colcon.colcon_core.package_identification:_identify(src/realsense-ros/realsense2_camera_msgs) by extensions ['colcon_meta']
[0.387s] Level 1:colcon.colcon_core.package_identification:_identify(src/realsense-ros/realsense2_camera_msgs) by extension 'colcon_meta'
[0.387s] Level 1:colcon.colcon_core.package_identification:_identify(src/realsense-ros/realsense2_camera_msgs) by extensions ['ros']
[0.387s] Level 1:colcon.colcon_core.package_identification:_identify(src/realsense-ros/realsense2_camera_msgs) by extension 'ros'
[0.387s] DEBUG:colcon.colcon_core.package_identification:Package 'src/realsense-ros/realsense2_camera_msgs' with type 'ros.ament_cmake' and name 'realsense2_camera_msgs'
[0.387s] Level 1:colcon.colcon_core.package_identification:_identify(src/realsense-ros/realsense2_description) by extensions ['ignore', 'ignore_ament_install']
[0.387s] Level 1:colcon.colcon_core.package_identification:_identify(src/realsense-ros/realsense2_description) by extension 'ignore'
[0.387s] Level 1:colcon.colcon_core.package_identification:_identify(src/realsense-ros/realsense2_description) by extension 'ignore_ament_install'
[0.388s] Level 1:colcon.colcon_core.package_identification:_identify(src/realsense-ros/realsense2_description) by extensions ['colcon_pkg']
[0.388s] Level 1:colcon.colcon_core.package_identification:_identify(src/realsense-ros/realsense2_description) by extension 'colcon_pkg'
[0.388s] Level 1:colcon.colcon_core.package_identification:_identify(src/realsense-ros/realsense2_description) by extensions ['colcon_meta']
[0.388s] Level 1:colcon.colcon_core.package_identification:_identify(src/realsense-ros/realsense2_description) by extension 'colcon_meta'
[0.388s] Level 1:colcon.colcon_core.package_identification:_identify(src/realsense-ros/realsense2_description) by extensions ['ros']
[0.388s] Level 1:colcon.colcon_core.package_identification:_identify(src/realsense-ros/realsense2_description) by extension 'ros'
[0.388s] DEBUG:colcon.colcon_core.package_identification:Package 'src/realsense-ros/realsense2_description' with type 'ros.ament_cmake' and name 'realsense2_description'
[0.389s] Level 1:colcon.colcon_core.package_identification:_identify(src/realsense-ros/scripts) by extensions ['ignore', 'ignore_ament_install']
[0.389s] Level 1:colcon.colcon_core.package_identification:_identify(src/realsense-ros/scripts) by extension 'ignore'
[0.389s] Level 1:colcon.colcon_core.package_identification:_identify(src/realsense-ros/scripts) by extension 'ignore_ament_install'
[0.389s] Level 1:colcon.colcon_core.package_identification:_identify(src/realsense-ros/scripts) by extensions ['colcon_pkg']
[0.389s] Level 1:colcon.colcon_core.package_identification:_identify(src/realsense-ros/scripts) by extension 'colcon_pkg'
[0.389s] Level 1:colcon.colcon_core.package_identification:_identify(src/realsense-ros/scripts) by extensions ['colcon_meta']
[0.389s] Level 1:colcon.colcon_core.package_identification:_identify(src/realsense-ros/scripts) by extension 'colcon_meta'
[0.389s] Level 1:colcon.colcon_core.package_identification:_identify(src/realsense-ros/scripts) by extensions ['ros']
[0.389s] Level 1:colcon.colcon_core.package_identification:_identify(src/realsense-ros/scripts) by extension 'ros'
[0.389s] Level 1:colcon.colcon_core.package_identification:_identify(src/realsense-ros/scripts) by extensions ['cmake', 'python']
[0.389s] Level 1:colcon.colcon_core.package_identification:_identify(src/realsense-ros/scripts) by extension 'cmake'
[0.389s] Level 1:colcon.colcon_core.package_identification:_identify(src/realsense-ros/scripts) by extension 'python'
[0.389s] Level 1:colcon.colcon_core.package_identification:_identify(src/realsense-ros/scripts) by extensions ['python_setup_py']
[0.389s] Level 1:colcon.colcon_core.package_identification:_identify(src/realsense-ros/scripts) by extension 'python_setup_py'
[0.389s] Level 1:colcon.colcon_core.package_discovery:discover_packages(recursive) using defaults
[0.389s] Level 1:colcon.colcon_core.package_discovery:discover_packages(ignore) discover
[0.389s] Level 1:colcon.colcon_core.package_discovery:discover_packages(ignore) using defaults
[0.389s] Level 1:colcon.colcon_core.package_discovery:discover_packages(path) discover
[0.389s] Level 1:colcon.colcon_core.package_discovery:discover_packages(path) using defaults
[0.425s] Level 1:colcon.colcon_core.package_discovery:discover_packages(prefix_path) check parameters
[0.425s] Level 1:colcon.colcon_core.package_discovery:discover_packages(prefix_path) discover
[0.429s] DEBUG:colcon.colcon_installed_package_information.package_discovery:Found 274 installed packages in /opt/ros/humble
[0.430s] Level 1:colcon.colcon_core.package_discovery:discover_packages(prefix_path) using defaults
[0.467s] Level 5:colcon.colcon_core.verb:set package 'realsense2_camera_msgs' build argument 'cmake_args' from command line to 'None'
[0.467s] Level 5:colcon.colcon_core.verb:set package 'realsense2_camera_msgs' build argument 'cmake_target' from command line to 'None'
[0.467s] Level 5:colcon.colcon_core.verb:set package 'realsense2_camera_msgs' build argument 'cmake_target_skip_unavailable' from command line to 'False'
[0.467s] Level 5:colcon.colcon_core.verb:set package 'realsense2_camera_msgs' build argument 'cmake_clean_cache' from command line to 'False'
[0.467s] Level 5:colcon.colcon_core.verb:set package 'realsense2_camera_msgs' build argument 'cmake_clean_first' from command line to 'False'
[0.467s] Level 5:colcon.colcon_core.verb:set package 'realsense2_camera_msgs' build argument 'cmake_force_configure' from command line to 'False'
[0.467s] Level 5:colcon.colcon_core.verb:set package 'realsense2_camera_msgs' build argument 'ament_cmake_args' from command line to 'None'
[0.467s] Level 5:colcon.colcon_core.verb:set package 'realsense2_camera_msgs' build argument 'catkin_cmake_args' from command line to 'None'
[0.467s] Level 5:colcon.colcon_core.verb:set package 'realsense2_camera_msgs' build argument 'catkin_skip_building_tests' from command line to 'False'
[0.467s] DEBUG:colcon.colcon_core.verb:Building package 'realsense2_camera_msgs' with the following arguments: {'ament_cmake_args': None, 'build_base': '/home/matt/Desktop/luna/build/realsense2_camera_msgs', 'catkin_cmake_args': None, 'catkin_skip_building_tests': False, 'cmake_args': None, 'cmake_clean_cache': False, 'cmake_clean_first': False, 'cmake_force_configure': False, 'cmake_target': None, 'cmake_target_skip_unavailable': False, 'install_base': '/home/matt/Desktop/luna/install/realsense2_camera_msgs', 'merge_install': False, 'path': '/home/matt/Desktop/luna/src/realsense-ros/realsense2_camera_msgs', 'symlink_install': False, 'test_result_base': None}
[0.468s] Level 5:colcon.colcon_core.verb:set package 'realsense2_camera' build argument 'cmake_args' from command line to 'None'
[0.468s] Level 5:colcon.colcon_core.verb:set package 'realsense2_camera' build argument 'cmake_target' from command line to 'None'
[0.468s] Level 5:colcon.colcon_core.verb:set package 'realsense2_camera' build argument 'cmake_target_skip_unavailable' from command line to 'False'
[0.468s] Level 5:colcon.colcon_core.verb:set package 'realsense2_camera' build argument 'cmake_clean_cache' from command line to 'False'
[0.468s] Level 5:colcon.colcon_core.verb:set package 'realsense2_camera' build argument 'cmake_clean_first' from command line to 'False'
[0.468s] Level 5:colcon.colcon_core.verb:set package 'realsense2_camera' build argument 'cmake_force_configure' from command line to 'False'
[0.468s] Level 5:colcon.colcon_core.verb:set package 'realsense2_camera' build argument 'ament_cmake_args' from command line to 'None'
[0.468s] Level 5:colcon.colcon_core.verb:set package 'realsense2_camera' build argument 'catkin_cmake_args' from command line to 'None'
[0.468s] Level 5:colcon.colcon_core.verb:set package 'realsense2_camera' build argument 'catkin_skip_building_tests' from command line to 'False'
[0.468s] DEBUG:colcon.colcon_core.verb:Building package 'realsense2_camera' with the following arguments: {'ament_cmake_args': None, 'build_base': '/home/matt/Desktop/luna/build/realsense2_camera', 'catkin_cmake_args': None, 'catkin_skip_building_tests': False, 'cmake_args': None, 'cmake_clean_cache': False, 'cmake_clean_first': False, 'cmake_force_configure': False, 'cmake_target': None, 'cmake_target_skip_unavailable': False, 'install_base': '/home/matt/Desktop/luna/install/realsense2_camera', 'merge_install': False, 'path': '/home/matt/Desktop/luna/src/realsense-ros/realsense2_camera', 'symlink_install': False, 'test_result_base': None}
[0.468s] Level 5:colcon.colcon_core.verb:set package 'realsense2_description' build argument 'cmake_args' from command line to 'None'
[0.468s] Level 5:colcon.colcon_core.verb:set package 'realsense2_description' build argument 'cmake_target' from command line to 'None'
[0.468s] Level 5:colcon.colcon_core.verb:set package 'realsense2_description' build argument 'cmake_target_skip_unavailable' from command line to 'False'
[0.468s] Level 5:colcon.colcon_core.verb:set package 'realsense2_description' build argument 'cmake_clean_cache' from command line to 'False'
[0.468s] Level 5:colcon.colcon_core.verb:set package 'realsense2_description' build argument 'cmake_clean_first' from command line to 'False'
[0.469s] Level 5:colcon.colcon_core.verb:set package 'realsense2_description' build argument 'cmake_force_configure' from command line to 'False'
[0.469s] Level 5:colcon.colcon_core.verb:set package 'realsense2_description' build argument 'ament_cmake_args' from command line to 'None'
[0.469s] Level 5:colcon.colcon_core.verb:set package 'realsense2_description' build argument 'catkin_cmake_args' from command line to 'None'
[0.469s] Level 5:colcon.colcon_core.verb:set package 'realsense2_description' build argument 'catkin_skip_building_tests' from command line to 'False'
[0.469s] DEBUG:colcon.colcon_core.verb:Building package 'realsense2_description' with the following arguments: {'ament_cmake_args': None, 'build_base': '/home/matt/Desktop/luna/build/realsense2_description', 'catkin_cmake_args': None, 'catkin_skip_building_tests': False, 'cmake_args': None, 'cmake_clean_cache': False, 'cmake_clean_first': False, 'cmake_force_configure': False, 'cmake_target': None, 'cmake_target_skip_unavailable': False, 'install_base': '/home/matt/Desktop/luna/install/realsense2_description', 'merge_install': False, 'path': '/home/matt/Desktop/luna/src/realsense-ros/realsense2_description', 'symlink_install': False, 'test_result_base': None}
[0.469s] INFO:colcon.colcon_core.executor:Executing jobs using 'parallel' executor
[0.470s] DEBUG:colcon.colcon_parallel_executor.executor.parallel:run_until_complete
[0.470s] INFO:colcon.colcon_ros.task.ament_cmake.build:Building ROS package in '/home/matt/Desktop/luna/src/realsense-ros/realsense2_camera_msgs' with build type 'ament_cmake'
[0.470s] INFO:colcon.colcon_cmake.task.cmake.build:Building CMake package in '/home/matt/Desktop/luna/src/realsense-ros/realsense2_camera_msgs'
[0.474s] INFO:colcon.colcon_core.plugin_system:Skipping extension 'colcon_core.shell.bat': Not used on non-Windows systems
[0.474s] INFO:colcon.colcon_core.shell:Skip shell extension 'powershell' for command environment: Not usable outside of PowerShell
[0.474s] DEBUG:colcon.colcon_core.shell:Skip shell extension 'dsv' for command environment
[0.480s] DEBUG:colcon.colcon_core.event_handler.log_command:Invoking command in '/home/matt/Desktop/luna/build/realsense2_camera_msgs': CMAKE_PREFIX_PATH=/opt/ros/humble /usr/bin/cmake /home/matt/Desktop/luna/src/realsense-ros/realsense2_camera_msgs -DCMAKE_INSTALL_PREFIX=/home/matt/Desktop/luna/install/realsense2_camera_msgs
[2.402s] DEBUG:colcon.colcon_core.event_handler.log_command:Invoked command in '/home/matt/Desktop/luna/build/realsense2_camera_msgs' returned '0': CMAKE_PREFIX_PATH=/opt/ros/humble /usr/bin/cmake /home/matt/Desktop/luna/src/realsense-ros/realsense2_camera_msgs -DCMAKE_INSTALL_PREFIX=/home/matt/Desktop/luna/install/realsense2_camera_msgs
[2.404s] DEBUG:colcon.colcon_core.event_handler.log_command:Invoking command in '/home/matt/Desktop/luna/build/realsense2_camera_msgs': CMAKE_PREFIX_PATH=/opt/ros/humble /usr/bin/cmake --build /home/matt/Desktop/luna/build/realsense2_camera_msgs -- -j4 -l4
[8.243s] DEBUG:colcon.colcon_core.event_handler.log_command:Invoked command in '/home/matt/Desktop/luna/build/realsense2_camera_msgs' returned '0': CMAKE_PREFIX_PATH=/opt/ros/humble /usr/bin/cmake --build /home/matt/Desktop/luna/build/realsense2_camera_msgs -- -j4 -l4
[8.252s] DEBUG:colcon.colcon_core.event_handler.log_command:Invoking command in '/home/matt/Desktop/luna/build/realsense2_camera_msgs': CMAKE_PREFIX_PATH=/opt/ros/humble /usr/bin/cmake --install /home/matt/Desktop/luna/build/realsense2_camera_msgs
[8.328s] Level 1:colcon.colcon_core.environment:create_environment_scripts_only(realsense2_camera_msgs)
[8.329s] DEBUG:colcon.colcon_core.event_handler.log_command:Invoked command in '/home/matt/Desktop/luna/build/realsense2_camera_msgs' returned '0': CMAKE_PREFIX_PATH=/opt/ros/humble /usr/bin/cmake --install /home/matt/Desktop/luna/build/realsense2_camera_msgs
[8.334s] Level 1:colcon.colcon_core.environment:checking '/home/matt/Desktop/luna/install/realsense2_camera_msgs' for CMake module files
[8.334s] Level 1:colcon.colcon_core.environment:checking '/home/matt/Desktop/luna/install/realsense2_camera_msgs' for CMake config files
[8.335s] Level 1:colcon.colcon_core.shell:create_environment_hook('realsense2_camera_msgs', 'cmake_prefix_path')
[8.335s] INFO:colcon.colcon_core.shell:Creating environment hook '/home/matt/Desktop/luna/install/realsense2_camera_msgs/share/realsense2_camera_msgs/hook/cmake_prefix_path.ps1'
[8.336s] INFO:colcon.colcon_core.shell:Creating environment descriptor '/home/matt/Desktop/luna/install/realsense2_camera_msgs/share/realsense2_camera_msgs/hook/cmake_prefix_path.dsv'
[8.337s] INFO:colcon.colcon_core.shell:Creating environment hook '/home/matt/Desktop/luna/install/realsense2_camera_msgs/share/realsense2_camera_msgs/hook/cmake_prefix_path.sh'
[8.338s] Level 1:colcon.colcon_core.environment:checking '/home/matt/Desktop/luna/install/realsense2_camera_msgs/lib'
[8.338s] Level 1:colcon.colcon_core.shell:create_environment_hook('realsense2_camera_msgs', 'ld_library_path_lib')
[8.338s] INFO:colcon.colcon_core.shell:Creating environment hook '/home/matt/Desktop/luna/install/realsense2_camera_msgs/share/realsense2_camera_msgs/hook/ld_library_path_lib.ps1'
[8.338s] INFO:colcon.colcon_core.shell:Creating environment descriptor '/home/matt/Desktop/luna/install/realsense2_camera_msgs/share/realsense2_camera_msgs/hook/ld_library_path_lib.dsv'
[8.339s] INFO:colcon.colcon_core.shell:Creating environment hook '/home/matt/Desktop/luna/install/realsense2_camera_msgs/share/realsense2_camera_msgs/hook/ld_library_path_lib.sh'
[8.339s] Level 1:colcon.colcon_core.environment:checking '/home/matt/Desktop/luna/install/realsense2_camera_msgs/bin'
[8.339s] Level 1:colcon.colcon_core.environment:checking '/home/matt/Desktop/luna/install/realsense2_camera_msgs/lib/pkgconfig/realsense2_camera_msgs.pc'
[8.339s] Level 1:colcon.colcon_core.environment:checking '/home/matt/Desktop/luna/install/realsense2_camera_msgs/lib/python3.10/site-packages'
[8.340s] Level 1:colcon.colcon_core.environment:checking '/home/matt/Desktop/luna/install/realsense2_camera_msgs/bin'
[8.340s] INFO:colcon.colcon_core.shell:Creating package script '/home/matt/Desktop/luna/install/realsense2_camera_msgs/share/realsense2_camera_msgs/package.ps1'
[8.341s] INFO:colcon.colcon_core.shell:Creating package descriptor '/home/matt/Desktop/luna/install/realsense2_camera_msgs/share/realsense2_camera_msgs/package.dsv'
[8.342s] INFO:colcon.colcon_core.shell:Creating package script '/home/matt/Desktop/luna/install/realsense2_camera_msgs/share/realsense2_camera_msgs/package.sh'
[8.342s] INFO:colcon.colcon_core.shell:Creating package script '/home/matt/Desktop/luna/install/realsense2_camera_msgs/share/realsense2_camera_msgs/package.bash'
[8.343s] INFO:colcon.colcon_core.shell:Creating package script '/home/matt/Desktop/luna/install/realsense2_camera_msgs/share/realsense2_camera_msgs/package.zsh'
[8.344s] Level 1:colcon.colcon_core.environment:create_file_with_runtime_dependencies(/home/matt/Desktop/luna/install/realsense2_camera_msgs/share/colcon-core/packages/realsense2_camera_msgs)
[8.344s] Level 1:colcon.colcon_core.environment:create_environment_scripts_only(realsense2_camera_msgs)
[8.345s] Level 1:colcon.colcon_core.environment:checking '/home/matt/Desktop/luna/install/realsense2_camera_msgs' for CMake module files
[8.345s] Level 1:colcon.colcon_core.environment:checking '/home/matt/Desktop/luna/install/realsense2_camera_msgs' for CMake config files
[8.345s] Level 1:colcon.colcon_core.shell:create_environment_hook('realsense2_camera_msgs', 'cmake_prefix_path')
[8.346s] INFO:colcon.colcon_core.shell:Creating environment hook '/home/matt/Desktop/luna/install/realsense2_camera_msgs/share/realsense2_camera_msgs/hook/cmake_prefix_path.ps1'
[8.346s] INFO:colcon.colcon_core.shell:Creating environment descriptor '/home/matt/Desktop/luna/install/realsense2_camera_msgs/share/realsense2_camera_msgs/hook/cmake_prefix_path.dsv'
[8.346s] INFO:colcon.colcon_core.shell:Creating environment hook '/home/matt/Desktop/luna/install/realsense2_camera_msgs/share/realsense2_camera_msgs/hook/cmake_prefix_path.sh'
[8.347s] Level 1:colcon.colcon_core.environment:checking '/home/matt/Desktop/luna/install/realsense2_camera_msgs/lib'
[8.347s] Level 1:colcon.colcon_core.shell:create_environment_hook('realsense2_camera_msgs', 'ld_library_path_lib')
[8.347s] INFO:colcon.colcon_core.shell:Creating environment hook '/home/matt/Desktop/luna/install/realsense2_camera_msgs/share/realsense2_camera_msgs/hook/ld_library_path_lib.ps1'
[8.347s] INFO:colcon.colcon_core.shell:Creating environment descriptor '/home/matt/Desktop/luna/install/realsense2_camera_msgs/share/realsense2_camera_msgs/hook/ld_library_path_lib.dsv'
[8.348s] INFO:colcon.colcon_core.shell:Creating environment hook '/home/matt/Desktop/luna/install/realsense2_camera_msgs/share/realsense2_camera_msgs/hook/ld_library_path_lib.sh'
[8.348s] Level 1:colcon.colcon_core.environment:checking '/home/matt/Desktop/luna/install/realsense2_camera_msgs/bin'
[8.348s] Level 1:colcon.colcon_core.environment:checking '/home/matt/Desktop/luna/install/realsense2_camera_msgs/lib/pkgconfig/realsense2_camera_msgs.pc'
[8.348s] Level 1:colcon.colcon_core.environment:checking '/home/matt/Desktop/luna/install/realsense2_camera_msgs/lib/python3.10/site-packages'
[8.348s] Level 1:colcon.colcon_core.environment:checking '/home/matt/Desktop/luna/install/realsense2_camera_msgs/bin'
[8.349s] INFO:colcon.colcon_core.shell:Creating package script '/home/matt/Desktop/luna/install/realsense2_camera_msgs/share/realsense2_camera_msgs/package.ps1'
[8.349s] INFO:colcon.colcon_core.shell:Creating package descriptor '/home/matt/Desktop/luna/install/realsense2_camera_msgs/share/realsense2_camera_msgs/package.dsv'
[8.350s] INFO:colcon.colcon_core.shell:Creating package script '/home/matt/Desktop/luna/install/realsense2_camera_msgs/share/realsense2_camera_msgs/package.sh'
[8.350s] INFO:colcon.colcon_core.shell:Creating package script '/home/matt/Desktop/luna/install/realsense2_camera_msgs/share/realsense2_camera_msgs/package.bash'
[8.351s] INFO:colcon.colcon_core.shell:Creating package script '/home/matt/Desktop/luna/install/realsense2_camera_msgs/share/realsense2_camera_msgs/package.zsh'
[8.351s] Level 1:colcon.colcon_core.environment:create_file_with_runtime_dependencies(/home/matt/Desktop/luna/install/realsense2_camera_msgs/share/colcon-core/packages/realsense2_camera_msgs)
[8.351s] INFO:colcon.colcon_ros.task.ament_cmake.build:Building ROS package in '/home/matt/Desktop/luna/src/realsense-ros/realsense2_camera' with build type 'ament_cmake'
[8.351s] INFO:colcon.colcon_cmake.task.cmake.build:Building CMake package in '/home/matt/Desktop/luna/src/realsense-ros/realsense2_camera'
[8.351s] INFO:colcon.colcon_core.shell:Skip shell extension 'powershell' for command environment: Not usable outside of PowerShell
[8.352s] DEBUG:colcon.colcon_core.shell:Skip shell extension 'dsv' for command environment
[8.354s] INFO:colcon.colcon_ros.task.ament_cmake.build:Building ROS package in '/home/matt/Desktop/luna/src/realsense-ros/realsense2_description' with build type 'ament_cmake'
[8.354s] INFO:colcon.colcon_cmake.task.cmake.build:Building CMake package in '/home/matt/Desktop/luna/src/realsense-ros/realsense2_description'
[8.355s] INFO:colcon.colcon_core.shell:Skip shell extension 'powershell' for command environment: Not usable outside of PowerShell
[8.355s] DEBUG:colcon.colcon_core.shell:Skip shell extension 'dsv' for command environment
[8.360s] DEBUG:colcon.colcon_core.event_handler.log_command:Invoking command in '/home/matt/Desktop/luna/build/realsense2_camera': AMENT_PREFIX_PATH=/home/matt/Desktop/luna/install/realsense2_camera_msgs:${AMENT_PREFIX_PATH} CMAKE_PREFIX_PATH=/home/matt/Desktop/luna/install/realsense2_camera_msgs:/opt/ros/humble LD_LIBRARY_PATH=/home/matt/Desktop/luna/install/realsense2_camera_msgs/lib:${LD_LIBRARY_PATH} PYTHONPATH=/home/matt/Desktop/luna/install/realsense2_camera_msgs/local/lib/python3.10/dist-packages:${PYTHONPATH} /usr/bin/cmake /home/matt/Desktop/luna/src/realsense-ros/realsense2_camera -DCMAKE_INSTALL_PREFIX=/home/matt/Desktop/luna/install/realsense2_camera
[8.363s] DEBUG:colcon.colcon_core.event_handler.log_command:Invoking command in '/home/matt/Desktop/luna/build/realsense2_description': AMENT_PREFIX_PATH=/home/matt/Desktop/luna/install/realsense2_camera_msgs:${AMENT_PREFIX_PATH} CMAKE_PREFIX_PATH=/home/matt/Desktop/luna/install/realsense2_camera_msgs:/opt/ros/humble LD_LIBRARY_PATH=/home/matt/Desktop/luna/install/realsense2_camera_msgs/lib:${LD_LIBRARY_PATH} PYTHONPATH=/home/matt/Desktop/luna/install/realsense2_camera_msgs/local/lib/python3.10/dist-packages:${PYTHONPATH} /usr/bin/cmake /home/matt/Desktop/luna/src/realsense-ros/realsense2_description -DCMAKE_INSTALL_PREFIX=/home/matt/Desktop/luna/install/realsense2_description
[8.951s] DEBUG:colcon.colcon_core.event_handler.log_command:Invoked command in '/home/matt/Desktop/luna/build/realsense2_description' returned '0': AMENT_PREFIX_PATH=/home/matt/Desktop/luna/install/realsense2_camera_msgs:${AMENT_PREFIX_PATH} CMAKE_PREFIX_PATH=/home/matt/Desktop/luna/install/realsense2_camera_msgs:/opt/ros/humble LD_LIBRARY_PATH=/home/matt/Desktop/luna/install/realsense2_camera_msgs/lib:${LD_LIBRARY_PATH} PYTHONPATH=/home/matt/Desktop/luna/install/realsense2_camera_msgs/local/lib/python3.10/dist-packages:${PYTHONPATH} /usr/bin/cmake /home/matt/Desktop/luna/src/realsense-ros/realsense2_description -DCMAKE_INSTALL_PREFIX=/home/matt/Desktop/luna/install/realsense2_description
[8.952s] DEBUG:colcon.colcon_core.event_handler.log_command:Invoking command in '/home/matt/Desktop/luna/build/realsense2_description': AMENT_PREFIX_PATH=/home/matt/Desktop/luna/install/realsense2_camera_msgs:${AMENT_PREFIX_PATH} CMAKE_PREFIX_PATH=/home/matt/Desktop/luna/install/realsense2_camera_msgs:/opt/ros/humble LD_LIBRARY_PATH=/home/matt/Desktop/luna/install/realsense2_camera_msgs/lib:${LD_LIBRARY_PATH} PYTHONPATH=/home/matt/Desktop/luna/install/realsense2_camera_msgs/local/lib/python3.10/dist-packages:${PYTHONPATH} /usr/bin/cmake --build /home/matt/Desktop/luna/build/realsense2_description -- -j4 -l4
[8.986s] DEBUG:colcon.colcon_core.event_handler.log_command:Invoked command in '/home/matt/Desktop/luna/build/realsense2_description' returned '0': AMENT_PREFIX_PATH=/home/matt/Desktop/luna/install/realsense2_camera_msgs:${AMENT_PREFIX_PATH} CMAKE_PREFIX_PATH=/home/matt/Desktop/luna/install/realsense2_camera_msgs:/opt/ros/humble LD_LIBRARY_PATH=/home/matt/Desktop/luna/install/realsense2_camera_msgs/lib:${LD_LIBRARY_PATH} PYTHONPATH=/home/matt/Desktop/luna/install/realsense2_camera_msgs/local/lib/python3.10/dist-packages:${PYTHONPATH} /usr/bin/cmake --build /home/matt/Desktop/luna/build/realsense2_description -- -j4 -l4
[8.987s] DEBUG:colcon.colcon_core.event_handler.log_command:Invoking command in '/home/matt/Desktop/luna/build/realsense2_description': AMENT_PREFIX_PATH=/home/matt/Desktop/luna/install/realsense2_camera_msgs:${AMENT_PREFIX_PATH} CMAKE_PREFIX_PATH=/home/matt/Desktop/luna/install/realsense2_camera_msgs:/opt/ros/humble LD_LIBRARY_PATH=/home/matt/Desktop/luna/install/realsense2_camera_msgs/lib:${LD_LIBRARY_PATH} PYTHONPATH=/home/matt/Desktop/luna/install/realsense2_camera_msgs/local/lib/python3.10/dist-packages:${PYTHONPATH} /usr/bin/cmake --install /home/matt/Desktop/luna/build/realsense2_description
[9.062s] Level 1:colcon.colcon_core.environment:create_environment_scripts_only(realsense2_description)
[9.063s] Level 1:colcon.colcon_core.environment:checking '/home/matt/Desktop/luna/install/realsense2_description' for CMake module files
[9.063s] DEBUG:colcon.colcon_core.event_handler.log_command:Invoked command in '/home/matt/Desktop/luna/build/realsense2_description' returned '0': AMENT_PREFIX_PATH=/home/matt/Desktop/luna/install/realsense2_camera_msgs:${AMENT_PREFIX_PATH} CMAKE_PREFIX_PATH=/home/matt/Desktop/luna/install/realsense2_camera_msgs:/opt/ros/humble LD_LIBRARY_PATH=/home/matt/Desktop/luna/install/realsense2_camera_msgs/lib:${LD_LIBRARY_PATH} PYTHONPATH=/home/matt/Desktop/luna/install/realsense2_camera_msgs/local/lib/python3.10/dist-packages:${PYTHONPATH} /usr/bin/cmake --install /home/matt/Desktop/luna/build/realsense2_description
[9.064s] Level 1:colcon.colcon_core.environment:checking '/home/matt/Desktop/luna/install/realsense2_description' for CMake config files
[9.064s] Level 1:colcon.colcon_core.shell:create_environment_hook('realsense2_description', 'cmake_prefix_path')
[9.064s] INFO:colcon.colcon_core.shell:Creating environment hook '/home/matt/Desktop/luna/install/realsense2_description/share/realsense2_description/hook/cmake_prefix_path.ps1'
[9.065s] INFO:colcon.colcon_core.shell:Creating environment descriptor '/home/matt/Desktop/luna/install/realsense2_description/share/realsense2_description/hook/cmake_prefix_path.dsv'
[9.065s] INFO:colcon.colcon_core.shell:Creating environment hook '/home/matt/Desktop/luna/install/realsense2_description/share/realsense2_description/hook/cmake_prefix_path.sh'
[9.066s] Level 1:colcon.colcon_core.environment:checking '/home/matt/Desktop/luna/install/realsense2_description/bin'
[9.066s] Level 1:colcon.colcon_core.environment:checking '/home/matt/Desktop/luna/install/realsense2_description/lib/pkgconfig/realsense2_description.pc'
[9.066s] Level 1:colcon.colcon_core.environment:checking '/home/matt/Desktop/luna/install/realsense2_description/lib/python3.10/site-packages'
[9.066s] Level 1:colcon.colcon_core.environment:checking '/home/matt/Desktop/luna/install/realsense2_description/bin'
[9.066s] INFO:colcon.colcon_core.shell:Creating package script '/home/matt/Desktop/luna/install/realsense2_description/share/realsense2_description/package.ps1'
[9.067s] INFO:colcon.colcon_core.shell:Creating package descriptor '/home/matt/Desktop/luna/install/realsense2_description/share/realsense2_description/package.dsv'
[9.067s] INFO:colcon.colcon_core.shell:Creating package script '/home/matt/Desktop/luna/install/realsense2_description/share/realsense2_description/package.sh'
[9.068s] INFO:colcon.colcon_core.shell:Creating package script '/home/matt/Desktop/luna/install/realsense2_description/share/realsense2_description/package.bash'
[9.068s] INFO:colcon.colcon_core.shell:Creating package script '/home/matt/Desktop/luna/install/realsense2_description/share/realsense2_description/package.zsh'
[9.068s] Level 1:colcon.colcon_core.environment:create_file_with_runtime_dependencies(/home/matt/Desktop/luna/install/realsense2_description/share/colcon-core/packages/realsense2_description)
[9.069s] Level 1:colcon.colcon_core.environment:create_environment_scripts_only(realsense2_description)
[9.069s] Level 1:colcon.colcon_core.environment:checking '/home/matt/Desktop/luna/install/realsense2_description' for CMake module files
[9.070s] Level 1:colcon.colcon_core.environment:checking '/home/matt/Desktop/luna/install/realsense2_description' for CMake config files
[9.070s] Level 1:colcon.colcon_core.shell:create_environment_hook('realsense2_description', 'cmake_prefix_path')
[9.070s] INFO:colcon.colcon_core.shell:Creating environment hook '/home/matt/Desktop/luna/install/realsense2_description/share/realsense2_description/hook/cmake_prefix_path.ps1'
[9.071s] INFO:colcon.colcon_core.shell:Creating environment descriptor '/home/matt/Desktop/luna/install/realsense2_description/share/realsense2_description/hook/cmake_prefix_path.dsv'
[9.071s] INFO:colcon.colcon_core.shell:Creating environment hook '/home/matt/Desktop/luna/install/realsense2_description/share/realsense2_description/hook/cmake_prefix_path.sh'
[9.072s] Level 1:colcon.colcon_core.environment:checking '/home/matt/Desktop/luna/install/realsense2_description/bin'
[9.072s] Level 1:colcon.colcon_core.environment:checking '/home/matt/Desktop/luna/install/realsense2_description/lib/pkgconfig/realsense2_description.pc'
[9.072s] Level 1:colcon.colcon_core.environment:checking '/home/matt/Desktop/luna/install/realsense2_description/lib/python3.10/site-packages'
[9.072s] Level 1:colcon.colcon_core.environment:checking '/home/matt/Desktop/luna/install/realsense2_description/bin'
[9.072s] INFO:colcon.colcon_core.shell:Creating package script '/home/matt/Desktop/luna/install/realsense2_description/share/realsense2_description/package.ps1'
[9.073s] INFO:colcon.colcon_core.shell:Creating package descriptor '/home/matt/Desktop/luna/install/realsense2_description/share/realsense2_description/package.dsv'
[9.073s] INFO:colcon.colcon_core.shell:Creating package script '/home/matt/Desktop/luna/install/realsense2_description/share/realsense2_description/package.sh'
[9.074s] INFO:colcon.colcon_core.shell:Creating package script '/home/matt/Desktop/luna/install/realsense2_description/share/realsense2_description/package.bash'
[9.074s] INFO:colcon.colcon_core.shell:Creating package script '/home/matt/Desktop/luna/install/realsense2_description/share/realsense2_description/package.zsh'
[9.075s] Level 1:colcon.colcon_core.environment:create_file_with_runtime_dependencies(/home/matt/Desktop/luna/install/realsense2_description/share/colcon-core/packages/realsense2_description)
[15.331s] DEBUG:colcon.colcon_core.event_handler.log_command:Invoked command in '/home/matt/Desktop/luna/build/realsense2_camera' returned '0': AMENT_PREFIX_PATH=/home/matt/Desktop/luna/install/realsense2_camera_msgs:${AMENT_PREFIX_PATH} CMAKE_PREFIX_PATH=/home/matt/Desktop/luna/install/realsense2_camera_msgs:/opt/ros/humble LD_LIBRARY_PATH=/home/matt/Desktop/luna/install/realsense2_camera_msgs/lib:${LD_LIBRARY_PATH} PYTHONPATH=/home/matt/Desktop/luna/install/realsense2_camera_msgs/local/lib/python3.10/dist-packages:${PYTHONPATH} /usr/bin/cmake /home/matt/Desktop/luna/src/realsense-ros/realsense2_camera -DCMAKE_INSTALL_PREFIX=/home/matt/Desktop/luna/install/realsense2_camera
[15.332s] DEBUG:colcon.colcon_core.event_handler.log_command:Invoking command in '/home/matt/Desktop/luna/build/realsense2_camera': AMENT_PREFIX_PATH=/home/matt/Desktop/luna/install/realsense2_camera_msgs:${AMENT_PREFIX_PATH} CMAKE_PREFIX_PATH=/home/matt/Desktop/luna/install/realsense2_camera_msgs:/opt/ros/humble LD_LIBRARY_PATH=/home/matt/Desktop/luna/install/realsense2_camera_msgs/lib:${LD_LIBRARY_PATH} PYTHONPATH=/home/matt/Desktop/luna/install/realsense2_camera_msgs/local/lib/python3.10/dist-packages:${PYTHONPATH} /usr/bin/cmake --build /home/matt/Desktop/luna/build/realsense2_camera -- -j4 -l4
[55.675s] DEBUG:colcon.colcon_core.event_handler.log_command:Invoked command in '/home/matt/Desktop/luna/build/realsense2_camera' returned '0': AMENT_PREFIX_PATH=/home/matt/Desktop/luna/install/realsense2_camera_msgs:${AMENT_PREFIX_PATH} CMAKE_PREFIX_PATH=/home/matt/Desktop/luna/install/realsense2_camera_msgs:/opt/ros/humble LD_LIBRARY_PATH=/home/matt/Desktop/luna/install/realsense2_camera_msgs/lib:${LD_LIBRARY_PATH} PYTHONPATH=/home/matt/Desktop/luna/install/realsense2_camera_msgs/local/lib/python3.10/dist-packages:${PYTHONPATH} /usr/bin/cmake --build /home/matt/Desktop/luna/build/realsense2_camera -- -j4 -l4
[55.676s] DEBUG:colcon.colcon_core.event_handler.log_command:Invoking command in '/home/matt/Desktop/luna/build/realsense2_camera': AMENT_PREFIX_PATH=/home/matt/Desktop/luna/install/realsense2_camera_msgs:${AMENT_PREFIX_PATH} CMAKE_PREFIX_PATH=/home/matt/Desktop/luna/install/realsense2_camera_msgs:/opt/ros/humble LD_LIBRARY_PATH=/home/matt/Desktop/luna/install/realsense2_camera_msgs/lib:${LD_LIBRARY_PATH} PYTHONPATH=/home/matt/Desktop/luna/install/realsense2_camera_msgs/local/lib/python3.10/dist-packages:${PYTHONPATH} /usr/bin/cmake --install /home/matt/Desktop/luna/build/realsense2_camera
[55.695s] Level 1:colcon.colcon_core.environment:create_environment_scripts_only(realsense2_camera)
[55.696s] Level 1:colcon.colcon_core.environment:checking '/home/matt/Desktop/luna/install/realsense2_camera' for CMake module files
[55.696s] DEBUG:colcon.colcon_core.event_handler.log_command:Invoked command in '/home/matt/Desktop/luna/build/realsense2_camera' returned '0': AMENT_PREFIX_PATH=/home/matt/Desktop/luna/install/realsense2_camera_msgs:${AMENT_PREFIX_PATH} CMAKE_PREFIX_PATH=/home/matt/Desktop/luna/install/realsense2_camera_msgs:/opt/ros/humble LD_LIBRARY_PATH=/home/matt/Desktop/luna/install/realsense2_camera_msgs/lib:${LD_LIBRARY_PATH} PYTHONPATH=/home/matt/Desktop/luna/install/realsense2_camera_msgs/local/lib/python3.10/dist-packages:${PYTHONPATH} /usr/bin/cmake --install /home/matt/Desktop/luna/build/realsense2_camera
[55.696s] Level 1:colcon.colcon_core.environment:checking '/home/matt/Desktop/luna/install/realsense2_camera' for CMake config files
[55.697s] Level 1:colcon.colcon_core.shell:create_environment_hook('realsense2_camera', 'cmake_prefix_path')
[55.697s] INFO:colcon.colcon_core.shell:Creating environment hook '/home/matt/Desktop/luna/install/realsense2_camera/share/realsense2_camera/hook/cmake_prefix_path.ps1'
[55.697s] INFO:colcon.colcon_core.shell:Creating environment descriptor '/home/matt/Desktop/luna/install/realsense2_camera/share/realsense2_camera/hook/cmake_prefix_path.dsv'
[55.698s] INFO:colcon.colcon_core.shell:Creating environment hook '/home/matt/Desktop/luna/install/realsense2_camera/share/realsense2_camera/hook/cmake_prefix_path.sh'
[55.698s] Level 1:colcon.colcon_core.environment:checking '/home/matt/Desktop/luna/install/realsense2_camera/lib'
[55.698s] Level 1:colcon.colcon_core.shell:create_environment_hook('realsense2_camera', 'ld_library_path_lib')
[55.698s] INFO:colcon.colcon_core.shell:Creating environment hook '/home/matt/Desktop/luna/install/realsense2_camera/share/realsense2_camera/hook/ld_library_path_lib.ps1'
[55.699s] INFO:colcon.colcon_core.shell:Creating environment descriptor '/home/matt/Desktop/luna/install/realsense2_camera/share/realsense2_camera/hook/ld_library_path_lib.dsv'
[55.699s] INFO:colcon.colcon_core.shell:Creating environment hook '/home/matt/Desktop/luna/install/realsense2_camera/share/realsense2_camera/hook/ld_library_path_lib.sh'
[55.700s] Level 1:colcon.colcon_core.environment:checking '/home/matt/Desktop/luna/install/realsense2_camera/bin'
[55.700s] Level 1:colcon.colcon_core.environment:checking '/home/matt/Desktop/luna/install/realsense2_camera/lib/pkgconfig/realsense2_camera.pc'
[55.700s] Level 1:colcon.colcon_core.environment:checking '/home/matt/Desktop/luna/install/realsense2_camera/lib/python3.10/site-packages'
[55.700s] Level 1:colcon.colcon_core.environment:checking '/home/matt/Desktop/luna/install/realsense2_camera/bin'
[55.700s] INFO:colcon.colcon_core.shell:Creating package script '/home/matt/Desktop/luna/install/realsense2_camera/share/realsense2_camera/package.ps1'
[55.701s] INFO:colcon.colcon_core.shell:Creating package descriptor '/home/matt/Desktop/luna/install/realsense2_camera/share/realsense2_camera/package.dsv'
[55.701s] INFO:colcon.colcon_core.shell:Creating package script '/home/matt/Desktop/luna/install/realsense2_camera/share/realsense2_camera/package.sh'
[55.702s] INFO:colcon.colcon_core.shell:Creating package script '/home/matt/Desktop/luna/install/realsense2_camera/share/realsense2_camera/package.bash'
[55.702s] INFO:colcon.colcon_core.shell:Creating package script '/home/matt/Desktop/luna/install/realsense2_camera/share/realsense2_camera/package.zsh'
[55.703s] Level 1:colcon.colcon_core.environment:create_file_with_runtime_dependencies(/home/matt/Desktop/luna/install/realsense2_camera/share/colcon-core/packages/realsense2_camera)
[55.703s] Level 1:colcon.colcon_core.environment:create_environment_scripts_only(realsense2_camera)
[55.704s] Level 1:colcon.colcon_core.environment:checking '/home/matt/Desktop/luna/install/realsense2_camera' for CMake module files
[55.704s] Level 1:colcon.colcon_core.environment:checking '/home/matt/Desktop/luna/install/realsense2_camera' for CMake config files
[55.705s] Level 1:colcon.colcon_core.shell:create_environment_hook('realsense2_camera', 'cmake_prefix_path')
[55.705s] INFO:colcon.colcon_core.shell:Creating environment hook '/home/matt/Desktop/luna/install/realsense2_camera/share/realsense2_camera/hook/cmake_prefix_path.ps1'
[55.706s] INFO:colcon.colcon_core.shell:Creating environment descriptor '/home/matt/Desktop/luna/install/realsense2_camera/share/realsense2_camera/hook/cmake_prefix_path.dsv'
[55.706s] INFO:colcon.colcon_core.shell:Creating environment hook '/home/matt/Desktop/luna/install/realsense2_camera/share/realsense2_camera/hook/cmake_prefix_path.sh'
[55.707s] Level 1:colcon.colcon_core.environment:checking '/home/matt/Desktop/luna/install/realsense2_camera/lib'
[55.707s] Level 1:colcon.colcon_core.shell:create_environment_hook('realsense2_camera', 'ld_library_path_lib')
[55.707s] INFO:colcon.colcon_core.shell:Creating environment hook '/home/matt/Desktop/luna/install/realsense2_camera/share/realsense2_camera/hook/ld_library_path_lib.ps1'
[55.707s] INFO:colcon.colcon_core.shell:Creating environment descriptor '/home/matt/Desktop/luna/install/realsense2_camera/share/realsense2_camera/hook/ld_library_path_lib.dsv'
[55.708s] INFO:colcon.colcon_core.shell:Creating environment hook '/home/matt/Desktop/luna/install/realsense2_camera/share/realsense2_camera/hook/ld_library_path_lib.sh'
[55.708s] Level 1:colcon.colcon_core.environment:checking '/home/matt/Desktop/luna/install/realsense2_camera/bin'
[55.708s] Level 1:colcon.colcon_core.environment:checking '/home/matt/Desktop/luna/install/realsense2_camera/lib/pkgconfig/realsense2_camera.pc'
[55.708s] Level 1:colcon.colcon_core.environment:checking '/home/matt/Desktop/luna/install/realsense2_camera/lib/python3.10/site-packages'
[55.709s] Level 1:colcon.colcon_core.environment:checking '/home/matt/Desktop/luna/install/realsense2_camera/bin'
[55.709s] INFO:colcon.colcon_core.shell:Creating package script '/home/matt/Desktop/luna/install/realsense2_camera/share/realsense2_camera/package.ps1'
[55.709s] INFO:colcon.colcon_core.shell:Creating package descriptor '/home/matt/Desktop/luna/install/realsense2_camera/share/realsense2_camera/package.dsv'
[55.710s] INFO:colcon.colcon_core.shell:Creating package script '/home/matt/Desktop/luna/install/realsense2_camera/share/realsense2_camera/package.sh'
[55.710s] INFO:colcon.colcon_core.shell:Creating package script '/home/matt/Desktop/luna/install/realsense2_camera/share/realsense2_camera/package.bash'
[55.711s] INFO:colcon.colcon_core.shell:Creating package script '/home/matt/Desktop/luna/install/realsense2_camera/share/realsense2_camera/package.zsh'
[55.711s] Level 1:colcon.colcon_core.environment:create_file_with_runtime_dependencies(/home/matt/Desktop/luna/install/realsense2_camera/share/colcon-core/packages/realsense2_camera)
[55.711s] DEBUG:colcon.colcon_parallel_executor.executor.parallel:closing loop
[55.712s] DEBUG:colcon.colcon_parallel_executor.executor.parallel:loop closed
[55.712s] DEBUG:colcon.colcon_parallel_executor.executor.parallel:run_until_complete finished with '0'
[55.712s] DEBUG:colcon.colcon_core.event_reactor:joining thread
[55.717s] INFO:colcon.colcon_core.plugin_system:Skipping extension 'colcon_notification.desktop_notification.terminal_notifier': Not used on non-Darwin systems
[55.718s] INFO:colcon.colcon_core.plugin_system:Skipping extension 'colcon_notification.desktop_notification.win32': Not used on non-Windows systems
[55.718s] INFO:colcon.colcon_notification.desktop_notification:Sending desktop notification using 'notify2'
[55.738s] DEBUG:colcon.colcon_core.event_reactor:joined thread
[55.738s] INFO:colcon.colcon_core.shell:Creating prefix script '/home/matt/Desktop/luna/install/local_setup.ps1'
[55.739s] INFO:colcon.colcon_core.shell:Creating prefix util module '/home/matt/Desktop/luna/install/_local_setup_util_ps1.py'
[55.741s] INFO:colcon.colcon_core.shell:Creating prefix chain script '/home/matt/Desktop/luna/install/setup.ps1'
[55.743s] INFO:colcon.colcon_core.shell:Creating prefix script '/home/matt/Desktop/luna/install/local_setup.sh'
[55.744s] INFO:colcon.colcon_core.shell:Creating prefix util module '/home/matt/Desktop/luna/install/_local_setup_util_sh.py'
[55.745s] INFO:colcon.colcon_core.shell:Creating prefix chain script '/home/matt/Desktop/luna/install/setup.sh'
[55.746s] INFO:colcon.colcon_core.shell:Creating prefix script '/home/matt/Desktop/luna/install/local_setup.bash'
[55.747s] INFO:colcon.colcon_core.shell:Creating prefix chain script '/home/matt/Desktop/luna/install/setup.bash'
[55.749s] INFO:colcon.colcon_core.shell:Creating prefix script '/home/matt/Desktop/luna/install/local_setup.zsh'
[55.750s] INFO:colcon.colcon_core.shell:Creating prefix chain script '/home/matt/Desktop/luna/install/setup.zsh'
