[0.009s] Invoking command in '/home/matt/Desktop/luna/build/realsense2_camera_msgs': CMAKE_PREFIX_PATH=/opt/ros/humble /usr/bin/cmake /home/matt/Desktop/luna/src/realsense-ros/realsense2_camera_msgs -DCMAKE_INSTALL_PREFIX=/home/matt/Desktop/luna/install/realsense2_camera_msgs
[0.070s] -- The C compiler identification is GNU 11.4.0
[0.137s] -- The CXX compiler identification is GNU 11.4.0
[0.143s] -- Detecting C compiler ABI info
[0.213s] -- Detecting C compiler ABI info - done
[0.223s] -- Check for working C compiler: /usr/bin/cc - skipped
[0.223s] -- Detecting C compile features
[0.223s] -- Detecting C compile features - done
[0.226s] -- Detecting CXX compiler ABI info
[0.306s] -- Detecting CXX compiler ABI info - done
[0.313s] -- Check for working CXX compiler: /usr/bin/c++ - skipped
[0.313s] -- Detecting CXX compile features
[0.313s] -- Detecting CXX compile features - done
[0.316s] -- Found ament_cmake: 1.3.11 (/opt/ros/humble/share/ament_cmake/cmake)
[0.477s] -- Found Python3: /usr/bin/python3 (found version "3.10.12") found components: Interpreter 
[0.566s] -- Found rosidl_default_generators: 1.2.0 (/opt/ros/humble/share/rosidl_default_generators/cmake)
[0.569s] -- Using all available rosidl_typesupport_c: rosidl_typesupport_fastrtps_c;rosidl_typesupport_introspection_c
[0.576s] -- Found rosidl_adapter: 3.1.6 (/opt/ros/humble/share/rosidl_adapter/cmake)
[0.617s] -- Using all available rosidl_typesupport_cpp: rosidl_typesupport_fastrtps_cpp;rosidl_typesupport_introspection_cpp
[0.653s] -- Found builtin_interfaces: 1.2.1 (/opt/ros/humble/share/builtin_interfaces/cmake)
[0.668s] -- Found std_msgs: 4.8.0 (/opt/ros/humble/share/std_msgs/cmake)
[0.700s] -- Found sensor_msgs: 4.8.0 (/opt/ros/humble/share/sensor_msgs/cmake)
[1.054s] -- Found ament_cmake_cppcheck: 0.12.12 (/opt/ros/humble/share/ament_cmake_cppcheck/cmake)
[1.056s] -- Found ament_cmake_cpplint: 0.12.12 (/opt/ros/humble/share/ament_cmake_cpplint/cmake)
[1.059s] -- Found ament_cmake_uncrustify: 0.12.12 (/opt/ros/humble/share/ament_cmake_uncrustify/cmake)
[1.062s] -- Found ament_cmake_ros: 0.10.0 (/opt/ros/humble/share/ament_cmake_ros/cmake)
[1.343s] -- Using all available rosidl_typesupport_c: rosidl_typesupport_fastrtps_c;rosidl_typesupport_introspection_c
[1.718s] -- Using all available rosidl_typesupport_cpp: rosidl_typesupport_fastrtps_cpp;rosidl_typesupport_introspection_cpp
[1.742s] -- Found PythonInterp: /usr/bin/python3 (found suitable version "3.10.12", minimum required is "3.6") 
[1.743s] -- Found python_cmake_module: 0.10.0 (/opt/ros/humble/share/python_cmake_module/cmake)
[1.768s] -- Found PythonLibs: /usr/lib/x86_64-linux-gnu/libpython3.10.so (found suitable version "3.10.12", minimum required is "3.5") 
[1.768s] -- Using PYTHON_EXECUTABLE: /usr/bin/python3
[1.768s] -- Using PYTHON_INCLUDE_DIRS: /usr/include/python3.10
[1.768s] -- Using PYTHON_LIBRARIES: /usr/lib/x86_64-linux-gnu/libpython3.10.so
[1.791s] -- Found PythonExtra: .so  
[1.861s] -- Found ament_cmake_flake8: 0.12.12 (/opt/ros/humble/share/ament_cmake_flake8/cmake)
[1.863s] -- Found ament_cmake_pep257: 0.12.12 (/opt/ros/humble/share/ament_cmake_pep257/cmake)
[1.872s] -- Configuring done
[1.911s] -- Generating done
[1.923s] -- Build files have been written to: /home/matt/Desktop/luna/build/realsense2_camera_msgs
[1.931s] Invoked command in '/home/matt/Desktop/luna/build/realsense2_camera_msgs' returned '0': CMAKE_PREFIX_PATH=/opt/ros/humble /usr/bin/cmake /home/matt/Desktop/luna/src/realsense-ros/realsense2_camera_msgs -DCMAKE_INSTALL_PREFIX=/home/matt/Desktop/luna/install/realsense2_camera_msgs
[1.933s] Invoking command in '/home/matt/Desktop/luna/build/realsense2_camera_msgs': CMAKE_PREFIX_PATH=/opt/ros/humble /usr/bin/cmake --build /home/matt/Desktop/luna/build/realsense2_camera_msgs -- -j4 -l4
[1.974s] [  1%] [34m[1mGenerating C code for ROS interfaces[0m
[1.990s] [  3%] [34m[1mGenerating C++ code for ROS interfaces[0m
[1.999s] [  3%] Built target ament_cmake_python_copy_realsense2_camera_msgs
[2.254s] running egg_info
[2.255s] creating realsense2_camera_msgs.egg-info
[2.255s] writing realsense2_camera_msgs.egg-info/PKG-INFO
[2.255s] writing dependency_links to realsense2_camera_msgs.egg-info/dependency_links.txt
[2.255s] writing top-level names to realsense2_camera_msgs.egg-info/top_level.txt
[2.256s] writing manifest file 'realsense2_camera_msgs.egg-info/SOURCES.txt'
[2.258s] reading manifest file 'realsense2_camera_msgs.egg-info/SOURCES.txt'
[2.259s] writing manifest file 'realsense2_camera_msgs.egg-info/SOURCES.txt'
[2.286s] [  3%] Built target ament_cmake_python_build_realsense2_camera_msgs_egg
[2.600s] [  3%] Built target realsense2_camera_msgs__cpp
[2.616s] [  6%] [34m[1mGenerating C++ type support dispatch for ROS interfaces[0m
[2.617s] [  6%] [34m[1mGenerating C++ type support for eProsima Fast-RTPS[0m
[2.619s] [  7%] [34m[1mGenerating C++ introspection for ROS interfaces[0m
[2.635s] [  9%] [32mBuilding C object CMakeFiles/realsense2_camera_msgs__rosidl_generator_c.dir/rosidl_generator_c/realsense2_camera_msgs/msg/detail/imu_info__functions.c.o[0m
[2.705s] [ 11%] [32mBuilding C object CMakeFiles/realsense2_camera_msgs__rosidl_generator_c.dir/rosidl_generator_c/realsense2_camera_msgs/msg/detail/extrinsics__functions.c.o[0m
[2.761s] [ 12%] [32mBuilding C object CMakeFiles/realsense2_camera_msgs__rosidl_generator_c.dir/rosidl_generator_c/realsense2_camera_msgs/msg/detail/metadata__functions.c.o[0m
[2.822s] [ 14%] [32mBuilding C object CMakeFiles/realsense2_camera_msgs__rosidl_generator_c.dir/rosidl_generator_c/realsense2_camera_msgs/msg/detail/rgbd__functions.c.o[0m
[2.885s] [ 15%] [32mBuilding C object CMakeFiles/realsense2_camera_msgs__rosidl_generator_c.dir/rosidl_generator_c/realsense2_camera_msgs/srv/detail/device_info__functions.c.o[0m
[2.959s] [ 17%] [32m[1mLinking C shared library librealsense2_camera_msgs__rosidl_generator_c.so[0m
[3.014s] [ 17%] Built target realsense2_camera_msgs__rosidl_generator_c
[3.030s] [ 19%] [34m[1mGenerating C type support for eProsima Fast-RTPS[0m
[3.170s] [ 20%] [32mBuilding CXX object CMakeFiles/realsense2_camera_msgs__rosidl_typesupport_cpp.dir/rosidl_typesupport_cpp/realsense2_camera_msgs/msg/imu_info__type_support.cpp.o[0m
[3.266s] [ 22%] [32mBuilding CXX object CMakeFiles/realsense2_camera_msgs__rosidl_typesupport_introspection_cpp.dir/rosidl_typesupport_introspection_cpp/realsense2_camera_msgs/msg/detail/imu_info__type_support.cpp.o[0m
[3.310s] [ 23%] [32mBuilding CXX object CMakeFiles/realsense2_camera_msgs__rosidl_typesupport_fastrtps_cpp.dir/rosidl_typesupport_fastrtps_cpp/realsense2_camera_msgs/msg/detail/dds_fastrtps/imu_info__type_support.cpp.o[0m
[3.496s] [ 25%] [32mBuilding CXX object CMakeFiles/realsense2_camera_msgs__rosidl_typesupport_cpp.dir/rosidl_typesupport_cpp/realsense2_camera_msgs/msg/extrinsics__type_support.cpp.o[0m
[3.729s] [ 26%] [32mBuilding CXX object CMakeFiles/realsense2_camera_msgs__rosidl_typesupport_fastrtps_c.dir/rosidl_typesupport_fastrtps_c/realsense2_camera_msgs/msg/detail/imu_info__type_support_c.cpp.o[0m
[3.778s] [ 28%] [32mBuilding CXX object CMakeFiles/realsense2_camera_msgs__rosidl_typesupport_introspection_cpp.dir/rosidl_typesupport_introspection_cpp/realsense2_camera_msgs/msg/detail/extrinsics__type_support.cpp.o[0m
[3.809s] [ 30%] [32mBuilding CXX object CMakeFiles/realsense2_camera_msgs__rosidl_typesupport_fastrtps_cpp.dir/rosidl_typesupport_fastrtps_cpp/realsense2_camera_msgs/msg/detail/dds_fastrtps/extrinsics__type_support.cpp.o[0m
[3.835s] [ 31%] [32mBuilding CXX object CMakeFiles/realsense2_camera_msgs__rosidl_typesupport_cpp.dir/rosidl_typesupport_cpp/realsense2_camera_msgs/msg/metadata__type_support.cpp.o[0m
[4.157s] [ 33%] [32mBuilding CXX object CMakeFiles/realsense2_camera_msgs__rosidl_typesupport_fastrtps_c.dir/rosidl_typesupport_fastrtps_c/realsense2_camera_msgs/msg/detail/extrinsics__type_support_c.cpp.o[0m
[4.277s] [ 34%] [32mBuilding CXX object CMakeFiles/realsense2_camera_msgs__rosidl_typesupport_cpp.dir/rosidl_typesupport_cpp/realsense2_camera_msgs/msg/rgbd__type_support.cpp.o[0m
[4.396s] [ 36%] [32mBuilding CXX object CMakeFiles/realsense2_camera_msgs__rosidl_typesupport_introspection_cpp.dir/rosidl_typesupport_introspection_cpp/realsense2_camera_msgs/msg/detail/metadata__type_support.cpp.o[0m
[4.399s] [ 38%] [32mBuilding CXX object CMakeFiles/realsense2_camera_msgs__rosidl_typesupport_fastrtps_cpp.dir/rosidl_typesupport_fastrtps_cpp/realsense2_camera_msgs/msg/detail/dds_fastrtps/metadata__type_support.cpp.o[0m
[4.571s] [ 39%] [32mBuilding CXX object CMakeFiles/realsense2_camera_msgs__rosidl_typesupport_fastrtps_c.dir/rosidl_typesupport_fastrtps_c/realsense2_camera_msgs/msg/detail/metadata__type_support_c.cpp.o[0m
[4.636s] [ 41%] [32mBuilding CXX object CMakeFiles/realsense2_camera_msgs__rosidl_typesupport_cpp.dir/rosidl_typesupport_cpp/realsense2_camera_msgs/srv/device_info__type_support.cpp.o[0m
[4.866s] [ 42%] [32mBuilding CXX object CMakeFiles/realsense2_camera_msgs__rosidl_typesupport_introspection_cpp.dir/rosidl_typesupport_introspection_cpp/realsense2_camera_msgs/msg/detail/rgbd__type_support.cpp.o[0m
[4.921s] [ 44%] [32mBuilding CXX object CMakeFiles/realsense2_camera_msgs__rosidl_typesupport_fastrtps_cpp.dir/rosidl_typesupport_fastrtps_cpp/realsense2_camera_msgs/msg/detail/dds_fastrtps/rgbd__type_support.cpp.o[0m
[4.992s] [ 46%] [32mBuilding CXX object CMakeFiles/realsense2_camera_msgs__rosidl_typesupport_fastrtps_c.dir/rosidl_typesupport_fastrtps_c/realsense2_camera_msgs/msg/detail/rgbd__type_support_c.cpp.o[0m
[5.004s] [ 47%] [32m[1mLinking CXX shared library librealsense2_camera_msgs__rosidl_typesupport_cpp.so[0m
[5.054s] [ 47%] Built target realsense2_camera_msgs__rosidl_typesupport_cpp
[5.066s] [ 49%] [32mBuilding CXX object CMakeFiles/realsense2_camera_msgs__rosidl_typesupport_introspection_cpp.dir/rosidl_typesupport_introspection_cpp/realsense2_camera_msgs/srv/detail/device_info__type_support.cpp.o[0m
[5.433s] [ 50%] [32mBuilding CXX object CMakeFiles/realsense2_camera_msgs__rosidl_typesupport_fastrtps_c.dir/rosidl_typesupport_fastrtps_c/realsense2_camera_msgs/srv/detail/device_info__type_support_c.cpp.o[0m
[5.536s] [ 52%] [34m[1mGenerating C introspection for ROS interfaces[0m
[5.583s] [ 53%] [32mBuilding CXX object CMakeFiles/realsense2_camera_msgs__rosidl_typesupport_fastrtps_cpp.dir/rosidl_typesupport_fastrtps_cpp/realsense2_camera_msgs/srv/detail/dds_fastrtps/device_info__type_support.cpp.o[0m
[5.663s] [ 55%] [32m[1mLinking CXX shared library librealsense2_camera_msgs__rosidl_typesupport_introspection_cpp.so[0m
[5.770s] [ 55%] Built target realsense2_camera_msgs__rosidl_typesupport_introspection_cpp
[5.785s] [ 57%] [34m[1mGenerating C type support dispatch for ROS interfaces[0m
[5.896s] [ 58%] [32m[1mLinking CXX shared library librealsense2_camera_msgs__rosidl_typesupport_fastrtps_c.so[0m
[5.996s] [ 58%] Built target realsense2_camera_msgs__rosidl_typesupport_fastrtps_c
[6.122s] [ 60%] [32m[1mLinking CXX shared library librealsense2_camera_msgs__rosidl_typesupport_fastrtps_cpp.so[0m
[6.158s] [ 61%] [32mBuilding C object CMakeFiles/realsense2_camera_msgs__rosidl_typesupport_introspection_c.dir/rosidl_typesupport_introspection_c/realsense2_camera_msgs/msg/detail/imu_info__type_support.c.o[0m
[6.160s] [ 63%] [32mBuilding C object CMakeFiles/realsense2_camera_msgs__rosidl_typesupport_introspection_c.dir/rosidl_typesupport_introspection_c/realsense2_camera_msgs/msg/detail/extrinsics__type_support.c.o[0m
[6.205s] [ 65%] [32mBuilding C object CMakeFiles/realsense2_camera_msgs__rosidl_typesupport_introspection_c.dir/rosidl_typesupport_introspection_c/realsense2_camera_msgs/msg/detail/metadata__type_support.c.o[0m
[6.223s] [ 66%] [32mBuilding C object CMakeFiles/realsense2_camera_msgs__rosidl_typesupport_introspection_c.dir/rosidl_typesupport_introspection_c/realsense2_camera_msgs/msg/detail/rgbd__type_support.c.o[0m
[6.243s] [ 66%] Built target realsense2_camera_msgs__rosidl_typesupport_fastrtps_cpp
[6.252s] [ 68%] [32mBuilding C object CMakeFiles/realsense2_camera_msgs__rosidl_typesupport_introspection_c.dir/rosidl_typesupport_introspection_c/realsense2_camera_msgs/srv/detail/device_info__type_support.c.o[0m
[6.295s] [ 69%] [32m[1mLinking C shared library librealsense2_camera_msgs__rosidl_typesupport_introspection_c.so[0m
[6.307s] [ 71%] [32mBuilding CXX object CMakeFiles/realsense2_camera_msgs__rosidl_typesupport_c.dir/rosidl_typesupport_c/realsense2_camera_msgs/msg/imu_info__type_support.cpp.o[0m
[6.310s] [ 73%] [32mBuilding CXX object CMakeFiles/realsense2_camera_msgs__rosidl_typesupport_c.dir/rosidl_typesupport_c/realsense2_camera_msgs/msg/metadata__type_support.cpp.o[0m
[6.311s] [ 74%] [32mBuilding CXX object CMakeFiles/realsense2_camera_msgs__rosidl_typesupport_c.dir/rosidl_typesupport_c/realsense2_camera_msgs/msg/extrinsics__type_support.cpp.o[0m
[6.340s] [ 74%] Built target realsense2_camera_msgs__rosidl_typesupport_introspection_c
[6.345s] [ 77%] [32mBuilding CXX object CMakeFiles/realsense2_camera_msgs__rosidl_typesupport_c.dir/rosidl_typesupport_c/realsense2_camera_msgs/msg/rgbd__type_support.cpp.o[0m
[6.345s] [ 77%] [32mBuilding CXX object CMakeFiles/realsense2_camera_msgs__rosidl_typesupport_c.dir/rosidl_typesupport_c/realsense2_camera_msgs/srv/device_info__type_support.cpp.o[0m
[6.376s] [ 79%] [32m[1mLinking CXX shared library librealsense2_camera_msgs__rosidl_typesupport_c.so[0m
[6.416s] [ 79%] Built target realsense2_camera_msgs__rosidl_typesupport_c
[6.435s] [ 79%] Built target realsense2_camera_msgs
[6.458s] [ 80%] [34m[1mGenerating Python code for ROS interfaces[0m
[7.250s] [ 80%] Built target realsense2_camera_msgs__py
[7.275s] [ 84%] [32mBuilding C object CMakeFiles/realsense2_camera_msgs__rosidl_generator_py.dir/rosidl_generator_py/realsense2_camera_msgs/msg/_imu_info_s.c.o[0m
[7.275s] [ 84%] [32mBuilding C object CMakeFiles/realsense2_camera_msgs__rosidl_generator_py.dir/rosidl_generator_py/realsense2_camera_msgs/msg/_extrinsics_s.c.o[0m
[7.278s] [ 85%] [32mBuilding C object CMakeFiles/realsense2_camera_msgs__rosidl_generator_py.dir/rosidl_generator_py/realsense2_camera_msgs/msg/_rgbd_s.c.o[0m
[7.279s] [ 87%] [32mBuilding C object CMakeFiles/realsense2_camera_msgs__rosidl_generator_py.dir/rosidl_generator_py/realsense2_camera_msgs/msg/_metadata_s.c.o[0m
[7.404s] [ 88%] [32mBuilding C object CMakeFiles/realsense2_camera_msgs__rosidl_generator_py.dir/rosidl_generator_py/realsense2_camera_msgs/srv/_device_info_s.c.o[0m
[7.503s] [ 90%] [32m[1mLinking C shared library rosidl_generator_py/realsense2_camera_msgs/librealsense2_camera_msgs__rosidl_generator_py.so[0m
[7.546s] [ 90%] Built target realsense2_camera_msgs__rosidl_generator_py
[7.581s] [ 95%] [32mBuilding C object CMakeFiles/realsense2_camera_msgs__rosidl_typesupport_introspection_c__pyext.dir/rosidl_generator_py/realsense2_camera_msgs/_realsense2_camera_msgs_s.ep.rosidl_typesupport_introspection_c.c.o[0m
[7.581s] [ 95%] [32mBuilding C object CMakeFiles/realsense2_camera_msgs__rosidl_typesupport_c__pyext.dir/rosidl_generator_py/realsense2_camera_msgs/_realsense2_camera_msgs_s.ep.rosidl_typesupport_c.c.o[0m
[7.581s] [ 95%] [32mBuilding C object CMakeFiles/realsense2_camera_msgs__rosidl_typesupport_fastrtps_c__pyext.dir/rosidl_generator_py/realsense2_camera_msgs/_realsense2_camera_msgs_s.ep.rosidl_typesupport_fastrtps_c.c.o[0m
[7.711s] [100%] [32m[1mLinking C shared library rosidl_generator_py/realsense2_camera_msgs/realsense2_camera_msgs_s__rosidl_typesupport_introspection_c.cpython-310-x86_64-linux-gnu.so[0m
[7.712s] [100%] [32m[1mLinking C shared library rosidl_generator_py/realsense2_camera_msgs/realsense2_camera_msgs_s__rosidl_typesupport_fastrtps_c.cpython-310-x86_64-linux-gnu.so[0m
[7.712s] [100%] [32m[1mLinking C shared library rosidl_generator_py/realsense2_camera_msgs/realsense2_camera_msgs_s__rosidl_typesupport_c.cpython-310-x86_64-linux-gnu.so[0m
[7.761s] [100%] Built target realsense2_camera_msgs__rosidl_typesupport_c__pyext
[7.761s] [100%] Built target realsense2_camera_msgs__rosidl_typesupport_fastrtps_c__pyext
[7.763s] [100%] Built target realsense2_camera_msgs__rosidl_typesupport_introspection_c__pyext
[7.773s] Invoked command in '/home/matt/Desktop/luna/build/realsense2_camera_msgs' returned '0': CMAKE_PREFIX_PATH=/opt/ros/humble /usr/bin/cmake --build /home/matt/Desktop/luna/build/realsense2_camera_msgs -- -j4 -l4
[7.781s] Invoking command in '/home/matt/Desktop/luna/build/realsense2_camera_msgs': CMAKE_PREFIX_PATH=/opt/ros/humble /usr/bin/cmake --install /home/matt/Desktop/luna/build/realsense2_camera_msgs
[7.789s] -- Install configuration: ""
[7.789s] -- Installing: /home/matt/Desktop/luna/install/realsense2_camera_msgs/share/ament_index/resource_index/rosidl_interfaces/realsense2_camera_msgs
[7.789s] -- Installing: /home/matt/Desktop/luna/install/realsense2_camera_msgs/include/realsense2_camera_msgs/realsense2_camera_msgs
[7.789s] -- Installing: /home/matt/Desktop/luna/install/realsense2_camera_msgs/include/realsense2_camera_msgs/realsense2_camera_msgs/srv
[7.789s] -- Installing: /home/matt/Desktop/luna/install/realsense2_camera_msgs/include/realsense2_camera_msgs/realsense2_camera_msgs/srv/device_info.h
[7.789s] -- Installing: /home/matt/Desktop/luna/install/realsense2_camera_msgs/include/realsense2_camera_msgs/realsense2_camera_msgs/srv/detail
[7.789s] -- Installing: /home/matt/Desktop/luna/install/realsense2_camera_msgs/include/realsense2_camera_msgs/realsense2_camera_msgs/srv/detail/device_info__type_support.h
[7.789s] -- Installing: /home/matt/Desktop/luna/install/realsense2_camera_msgs/include/realsense2_camera_msgs/realsense2_camera_msgs/srv/detail/device_info__functions.h
[7.789s] -- Installing: /home/matt/Desktop/luna/install/realsense2_camera_msgs/include/realsense2_camera_msgs/realsense2_camera_msgs/srv/detail/device_info__functions.c
[7.790s] -- Installing: /home/matt/Desktop/luna/install/realsense2_camera_msgs/include/realsense2_camera_msgs/realsense2_camera_msgs/srv/detail/device_info__struct.h
[7.790s] -- Installing: /home/matt/Desktop/luna/install/realsense2_camera_msgs/include/realsense2_camera_msgs/realsense2_camera_msgs/msg
[7.790s] -- Installing: /home/matt/Desktop/luna/install/realsense2_camera_msgs/include/realsense2_camera_msgs/realsense2_camera_msgs/msg/imu_info.h
[7.790s] -- Installing: /home/matt/Desktop/luna/install/realsense2_camera_msgs/include/realsense2_camera_msgs/realsense2_camera_msgs/msg/rosidl_generator_c__visibility_control.h
[7.790s] -- Installing: /home/matt/Desktop/luna/install/realsense2_camera_msgs/include/realsense2_camera_msgs/realsense2_camera_msgs/msg/metadata.h
[7.790s] -- Installing: /home/matt/Desktop/luna/install/realsense2_camera_msgs/include/realsense2_camera_msgs/realsense2_camera_msgs/msg/extrinsics.h
[7.790s] -- Installing: /home/matt/Desktop/luna/install/realsense2_camera_msgs/include/realsense2_camera_msgs/realsense2_camera_msgs/msg/detail
[7.790s] -- Installing: /home/matt/Desktop/luna/install/realsense2_camera_msgs/include/realsense2_camera_msgs/realsense2_camera_msgs/msg/detail/extrinsics__struct.h
[7.790s] -- Installing: /home/matt/Desktop/luna/install/realsense2_camera_msgs/include/realsense2_camera_msgs/realsense2_camera_msgs/msg/detail/extrinsics__functions.h
[7.791s] -- Installing: /home/matt/Desktop/luna/install/realsense2_camera_msgs/include/realsense2_camera_msgs/realsense2_camera_msgs/msg/detail/rgbd__functions.h
[7.791s] -- Installing: /home/matt/Desktop/luna/install/realsense2_camera_msgs/include/realsense2_camera_msgs/realsense2_camera_msgs/msg/detail/extrinsics__functions.c
[7.791s] -- Installing: /home/matt/Desktop/luna/install/realsense2_camera_msgs/include/realsense2_camera_msgs/realsense2_camera_msgs/msg/detail/metadata__type_support.h
[7.791s] -- Installing: /home/matt/Desktop/luna/install/realsense2_camera_msgs/include/realsense2_camera_msgs/realsense2_camera_msgs/msg/detail/metadata__struct.h
[7.791s] -- Installing: /home/matt/Desktop/luna/install/realsense2_camera_msgs/include/realsense2_camera_msgs/realsense2_camera_msgs/msg/detail/rgbd__type_support.h
[7.791s] -- Installing: /home/matt/Desktop/luna/install/realsense2_camera_msgs/include/realsense2_camera_msgs/realsense2_camera_msgs/msg/detail/extrinsics__type_support.h
[7.791s] -- Installing: /home/matt/Desktop/luna/install/realsense2_camera_msgs/include/realsense2_camera_msgs/realsense2_camera_msgs/msg/detail/metadata__functions.c
[7.791s] -- Installing: /home/matt/Desktop/luna/install/realsense2_camera_msgs/include/realsense2_camera_msgs/realsense2_camera_msgs/msg/detail/imu_info__functions.h
[7.791s] -- Installing: /home/matt/Desktop/luna/install/realsense2_camera_msgs/include/realsense2_camera_msgs/realsense2_camera_msgs/msg/detail/imu_info__type_support.h
[7.791s] -- Installing: /home/matt/Desktop/luna/install/realsense2_camera_msgs/include/realsense2_camera_msgs/realsense2_camera_msgs/msg/detail/rgbd__struct.h
[7.791s] -- Installing: /home/matt/Desktop/luna/install/realsense2_camera_msgs/include/realsense2_camera_msgs/realsense2_camera_msgs/msg/detail/rgbd__functions.c
[7.792s] -- Installing: /home/matt/Desktop/luna/install/realsense2_camera_msgs/include/realsense2_camera_msgs/realsense2_camera_msgs/msg/detail/imu_info__struct.h
[7.792s] -- Installing: /home/matt/Desktop/luna/install/realsense2_camera_msgs/include/realsense2_camera_msgs/realsense2_camera_msgs/msg/detail/metadata__functions.h
[7.792s] -- Installing: /home/matt/Desktop/luna/install/realsense2_camera_msgs/include/realsense2_camera_msgs/realsense2_camera_msgs/msg/detail/imu_info__functions.c
[7.792s] -- Installing: /home/matt/Desktop/luna/install/realsense2_camera_msgs/include/realsense2_camera_msgs/realsense2_camera_msgs/msg/rgbd.h
[7.792s] -- Installing: /home/matt/Desktop/luna/install/realsense2_camera_msgs/share/realsense2_camera_msgs/environment/library_path.sh
[7.792s] -- Installing: /home/matt/Desktop/luna/install/realsense2_camera_msgs/share/realsense2_camera_msgs/environment/library_path.dsv
[7.792s] -- Installing: /home/matt/Desktop/luna/install/realsense2_camera_msgs/lib/librealsense2_camera_msgs__rosidl_generator_c.so
[7.793s] -- Set runtime path of "/home/matt/Desktop/luna/install/realsense2_camera_msgs/lib/librealsense2_camera_msgs__rosidl_generator_c.so" to ""
[7.793s] -- Up-to-date: /home/matt/Desktop/luna/install/realsense2_camera_msgs/include/realsense2_camera_msgs/realsense2_camera_msgs
[7.793s] -- Up-to-date: /home/matt/Desktop/luna/install/realsense2_camera_msgs/include/realsense2_camera_msgs/realsense2_camera_msgs/srv
[7.793s] -- Up-to-date: /home/matt/Desktop/luna/install/realsense2_camera_msgs/include/realsense2_camera_msgs/realsense2_camera_msgs/srv/detail
[7.793s] -- Installing: /home/matt/Desktop/luna/install/realsense2_camera_msgs/include/realsense2_camera_msgs/realsense2_camera_msgs/srv/detail/device_info__rosidl_typesupport_fastrtps_c.h
[7.793s] -- Up-to-date: /home/matt/Desktop/luna/install/realsense2_camera_msgs/include/realsense2_camera_msgs/realsense2_camera_msgs/msg
[7.793s] -- Installing: /home/matt/Desktop/luna/install/realsense2_camera_msgs/include/realsense2_camera_msgs/realsense2_camera_msgs/msg/rosidl_typesupport_fastrtps_c__visibility_control.h
[7.793s] -- Up-to-date: /home/matt/Desktop/luna/install/realsense2_camera_msgs/include/realsense2_camera_msgs/realsense2_camera_msgs/msg/detail
[7.793s] -- Installing: /home/matt/Desktop/luna/install/realsense2_camera_msgs/include/realsense2_camera_msgs/realsense2_camera_msgs/msg/detail/metadata__rosidl_typesupport_fastrtps_c.h
[7.793s] -- Installing: /home/matt/Desktop/luna/install/realsense2_camera_msgs/include/realsense2_camera_msgs/realsense2_camera_msgs/msg/detail/rgbd__rosidl_typesupport_fastrtps_c.h
[7.794s] -- Installing: /home/matt/Desktop/luna/install/realsense2_camera_msgs/include/realsense2_camera_msgs/realsense2_camera_msgs/msg/detail/imu_info__rosidl_typesupport_fastrtps_c.h
[7.794s] -- Installing: /home/matt/Desktop/luna/install/realsense2_camera_msgs/include/realsense2_camera_msgs/realsense2_camera_msgs/msg/detail/extrinsics__rosidl_typesupport_fastrtps_c.h
[7.794s] -- Installing: /home/matt/Desktop/luna/install/realsense2_camera_msgs/lib/librealsense2_camera_msgs__rosidl_typesupport_fastrtps_c.so
[7.794s] -- Set runtime path of "/home/matt/Desktop/luna/install/realsense2_camera_msgs/lib/librealsense2_camera_msgs__rosidl_typesupport_fastrtps_c.so" to ""
[7.794s] -- Up-to-date: /home/matt/Desktop/luna/install/realsense2_camera_msgs/include/realsense2_camera_msgs/realsense2_camera_msgs
[7.794s] -- Up-to-date: /home/matt/Desktop/luna/install/realsense2_camera_msgs/include/realsense2_camera_msgs/realsense2_camera_msgs/srv
[7.794s] -- Up-to-date: /home/matt/Desktop/luna/install/realsense2_camera_msgs/include/realsense2_camera_msgs/realsense2_camera_msgs/srv/detail
[7.794s] -- Installing: /home/matt/Desktop/luna/install/realsense2_camera_msgs/include/realsense2_camera_msgs/realsense2_camera_msgs/srv/detail/device_info__rosidl_typesupport_introspection_c.h
[7.794s] -- Installing: /home/matt/Desktop/luna/install/realsense2_camera_msgs/include/realsense2_camera_msgs/realsense2_camera_msgs/srv/detail/device_info__type_support.c
[7.795s] -- Up-to-date: /home/matt/Desktop/luna/install/realsense2_camera_msgs/include/realsense2_camera_msgs/realsense2_camera_msgs/msg
[7.795s] -- Installing: /home/matt/Desktop/luna/install/realsense2_camera_msgs/include/realsense2_camera_msgs/realsense2_camera_msgs/msg/rosidl_typesupport_introspection_c__visibility_control.h
[7.795s] -- Up-to-date: /home/matt/Desktop/luna/install/realsense2_camera_msgs/include/realsense2_camera_msgs/realsense2_camera_msgs/msg/detail
[7.795s] -- Installing: /home/matt/Desktop/luna/install/realsense2_camera_msgs/include/realsense2_camera_msgs/realsense2_camera_msgs/msg/detail/rgbd__rosidl_typesupport_introspection_c.h
[7.795s] -- Installing: /home/matt/Desktop/luna/install/realsense2_camera_msgs/include/realsense2_camera_msgs/realsense2_camera_msgs/msg/detail/extrinsics__rosidl_typesupport_introspection_c.h
[7.795s] -- Installing: /home/matt/Desktop/luna/install/realsense2_camera_msgs/include/realsense2_camera_msgs/realsense2_camera_msgs/msg/detail/metadata__rosidl_typesupport_introspection_c.h
[7.795s] -- Installing: /home/matt/Desktop/luna/install/realsense2_camera_msgs/include/realsense2_camera_msgs/realsense2_camera_msgs/msg/detail/metadata__type_support.c
[7.795s] -- Installing: /home/matt/Desktop/luna/install/realsense2_camera_msgs/include/realsense2_camera_msgs/realsense2_camera_msgs/msg/detail/rgbd__type_support.c
[7.795s] -- Installing: /home/matt/Desktop/luna/install/realsense2_camera_msgs/include/realsense2_camera_msgs/realsense2_camera_msgs/msg/detail/imu_info__rosidl_typesupport_introspection_c.h
[7.795s] -- Installing: /home/matt/Desktop/luna/install/realsense2_camera_msgs/include/realsense2_camera_msgs/realsense2_camera_msgs/msg/detail/imu_info__type_support.c
[7.795s] -- Installing: /home/matt/Desktop/luna/install/realsense2_camera_msgs/include/realsense2_camera_msgs/realsense2_camera_msgs/msg/detail/extrinsics__type_support.c
[7.795s] -- Installing: /home/matt/Desktop/luna/install/realsense2_camera_msgs/lib/librealsense2_camera_msgs__rosidl_typesupport_introspection_c.so
[7.796s] -- Set runtime path of "/home/matt/Desktop/luna/install/realsense2_camera_msgs/lib/librealsense2_camera_msgs__rosidl_typesupport_introspection_c.so" to ""
[7.796s] -- Installing: /home/matt/Desktop/luna/install/realsense2_camera_msgs/lib/librealsense2_camera_msgs__rosidl_typesupport_c.so
[7.796s] -- Set runtime path of "/home/matt/Desktop/luna/install/realsense2_camera_msgs/lib/librealsense2_camera_msgs__rosidl_typesupport_c.so" to ""
[7.796s] -- Up-to-date: /home/matt/Desktop/luna/install/realsense2_camera_msgs/include/realsense2_camera_msgs/realsense2_camera_msgs
[7.796s] -- Up-to-date: /home/matt/Desktop/luna/install/realsense2_camera_msgs/include/realsense2_camera_msgs/realsense2_camera_msgs/srv
[7.796s] -- Installing: /home/matt/Desktop/luna/install/realsense2_camera_msgs/include/realsense2_camera_msgs/realsense2_camera_msgs/srv/device_info.hpp
[7.796s] -- Up-to-date: /home/matt/Desktop/luna/install/realsense2_camera_msgs/include/realsense2_camera_msgs/realsense2_camera_msgs/srv/detail
[7.796s] -- Installing: /home/matt/Desktop/luna/install/realsense2_camera_msgs/include/realsense2_camera_msgs/realsense2_camera_msgs/srv/detail/device_info__struct.hpp
[7.797s] -- Installing: /home/matt/Desktop/luna/install/realsense2_camera_msgs/include/realsense2_camera_msgs/realsense2_camera_msgs/srv/detail/device_info__type_support.hpp
[7.797s] -- Installing: /home/matt/Desktop/luna/install/realsense2_camera_msgs/include/realsense2_camera_msgs/realsense2_camera_msgs/srv/detail/device_info__traits.hpp
[7.797s] -- Installing: /home/matt/Desktop/luna/install/realsense2_camera_msgs/include/realsense2_camera_msgs/realsense2_camera_msgs/srv/detail/device_info__builder.hpp
[7.797s] -- Up-to-date: /home/matt/Desktop/luna/install/realsense2_camera_msgs/include/realsense2_camera_msgs/realsense2_camera_msgs/msg
[7.797s] -- Installing: /home/matt/Desktop/luna/install/realsense2_camera_msgs/include/realsense2_camera_msgs/realsense2_camera_msgs/msg/extrinsics.hpp
[7.797s] -- Installing: /home/matt/Desktop/luna/install/realsense2_camera_msgs/include/realsense2_camera_msgs/realsense2_camera_msgs/msg/metadata.hpp
[7.797s] -- Installing: /home/matt/Desktop/luna/install/realsense2_camera_msgs/include/realsense2_camera_msgs/realsense2_camera_msgs/msg/imu_info.hpp
[7.797s] -- Installing: /home/matt/Desktop/luna/install/realsense2_camera_msgs/include/realsense2_camera_msgs/realsense2_camera_msgs/msg/rgbd.hpp
[7.797s] -- Up-to-date: /home/matt/Desktop/luna/install/realsense2_camera_msgs/include/realsense2_camera_msgs/realsense2_camera_msgs/msg/detail
[7.797s] -- Installing: /home/matt/Desktop/luna/install/realsense2_camera_msgs/include/realsense2_camera_msgs/realsense2_camera_msgs/msg/detail/imu_info__traits.hpp
[7.797s] -- Installing: /home/matt/Desktop/luna/install/realsense2_camera_msgs/include/realsense2_camera_msgs/realsense2_camera_msgs/msg/detail/metadata__traits.hpp
[7.797s] -- Installing: /home/matt/Desktop/luna/install/realsense2_camera_msgs/include/realsense2_camera_msgs/realsense2_camera_msgs/msg/detail/rgbd__traits.hpp
[7.798s] -- Installing: /home/matt/Desktop/luna/install/realsense2_camera_msgs/include/realsense2_camera_msgs/realsense2_camera_msgs/msg/detail/metadata__builder.hpp
[7.798s] -- Installing: /home/matt/Desktop/luna/install/realsense2_camera_msgs/include/realsense2_camera_msgs/realsense2_camera_msgs/msg/detail/imu_info__builder.hpp
[7.798s] -- Installing: /home/matt/Desktop/luna/install/realsense2_camera_msgs/include/realsense2_camera_msgs/realsense2_camera_msgs/msg/detail/extrinsics__traits.hpp
[7.798s] -- Installing: /home/matt/Desktop/luna/install/realsense2_camera_msgs/include/realsense2_camera_msgs/realsense2_camera_msgs/msg/detail/imu_info__struct.hpp
[7.798s] -- Installing: /home/matt/Desktop/luna/install/realsense2_camera_msgs/include/realsense2_camera_msgs/realsense2_camera_msgs/msg/detail/metadata__type_support.hpp
[7.798s] -- Installing: /home/matt/Desktop/luna/install/realsense2_camera_msgs/include/realsense2_camera_msgs/realsense2_camera_msgs/msg/detail/imu_info__type_support.hpp
[7.798s] -- Installing: /home/matt/Desktop/luna/install/realsense2_camera_msgs/include/realsense2_camera_msgs/realsense2_camera_msgs/msg/detail/rgbd__builder.hpp
[7.798s] -- Installing: /home/matt/Desktop/luna/install/realsense2_camera_msgs/include/realsense2_camera_msgs/realsense2_camera_msgs/msg/detail/rgbd__type_support.hpp
[7.798s] -- Installing: /home/matt/Desktop/luna/install/realsense2_camera_msgs/include/realsense2_camera_msgs/realsense2_camera_msgs/msg/detail/extrinsics__struct.hpp
[7.798s] -- Installing: /home/matt/Desktop/luna/install/realsense2_camera_msgs/include/realsense2_camera_msgs/realsense2_camera_msgs/msg/detail/metadata__struct.hpp
[7.798s] -- Installing: /home/matt/Desktop/luna/install/realsense2_camera_msgs/include/realsense2_camera_msgs/realsense2_camera_msgs/msg/detail/rgbd__struct.hpp
[7.799s] -- Installing: /home/matt/Desktop/luna/install/realsense2_camera_msgs/include/realsense2_camera_msgs/realsense2_camera_msgs/msg/detail/extrinsics__type_support.hpp
[7.799s] -- Installing: /home/matt/Desktop/luna/install/realsense2_camera_msgs/include/realsense2_camera_msgs/realsense2_camera_msgs/msg/detail/extrinsics__builder.hpp
[7.799s] -- Installing: /home/matt/Desktop/luna/install/realsense2_camera_msgs/include/realsense2_camera_msgs/realsense2_camera_msgs/msg/rosidl_generator_cpp__visibility_control.hpp
[7.799s] -- Up-to-date: /home/matt/Desktop/luna/install/realsense2_camera_msgs/include/realsense2_camera_msgs/realsense2_camera_msgs
[7.799s] -- Up-to-date: /home/matt/Desktop/luna/install/realsense2_camera_msgs/include/realsense2_camera_msgs/realsense2_camera_msgs/srv
[7.799s] -- Up-to-date: /home/matt/Desktop/luna/install/realsense2_camera_msgs/include/realsense2_camera_msgs/realsense2_camera_msgs/srv/detail
[7.799s] -- Installing: /home/matt/Desktop/luna/install/realsense2_camera_msgs/include/realsense2_camera_msgs/realsense2_camera_msgs/srv/detail/device_info__rosidl_typesupport_fastrtps_cpp.hpp
[7.799s] -- Installing: /home/matt/Desktop/luna/install/realsense2_camera_msgs/include/realsense2_camera_msgs/realsense2_camera_msgs/srv/detail/dds_fastrtps
[7.799s] -- Up-to-date: /home/matt/Desktop/luna/install/realsense2_camera_msgs/include/realsense2_camera_msgs/realsense2_camera_msgs/msg
[7.799s] -- Installing: /home/matt/Desktop/luna/install/realsense2_camera_msgs/include/realsense2_camera_msgs/realsense2_camera_msgs/msg/rosidl_typesupport_fastrtps_cpp__visibility_control.h
[7.799s] -- Up-to-date: /home/matt/Desktop/luna/install/realsense2_camera_msgs/include/realsense2_camera_msgs/realsense2_camera_msgs/msg/detail
[7.799s] -- Installing: /home/matt/Desktop/luna/install/realsense2_camera_msgs/include/realsense2_camera_msgs/realsense2_camera_msgs/msg/detail/extrinsics__rosidl_typesupport_fastrtps_cpp.hpp
[7.800s] -- Installing: /home/matt/Desktop/luna/install/realsense2_camera_msgs/include/realsense2_camera_msgs/realsense2_camera_msgs/msg/detail/dds_fastrtps
[7.800s] -- Installing: /home/matt/Desktop/luna/install/realsense2_camera_msgs/include/realsense2_camera_msgs/realsense2_camera_msgs/msg/detail/imu_info__rosidl_typesupport_fastrtps_cpp.hpp
[7.800s] -- Installing: /home/matt/Desktop/luna/install/realsense2_camera_msgs/include/realsense2_camera_msgs/realsense2_camera_msgs/msg/detail/metadata__rosidl_typesupport_fastrtps_cpp.hpp
[7.800s] -- Installing: /home/matt/Desktop/luna/install/realsense2_camera_msgs/include/realsense2_camera_msgs/realsense2_camera_msgs/msg/detail/rgbd__rosidl_typesupport_fastrtps_cpp.hpp
[7.800s] -- Installing: /home/matt/Desktop/luna/install/realsense2_camera_msgs/lib/librealsense2_camera_msgs__rosidl_typesupport_fastrtps_cpp.so
[7.800s] -- Set runtime path of "/home/matt/Desktop/luna/install/realsense2_camera_msgs/lib/librealsense2_camera_msgs__rosidl_typesupport_fastrtps_cpp.so" to ""
[7.800s] -- Up-to-date: /home/matt/Desktop/luna/install/realsense2_camera_msgs/include/realsense2_camera_msgs/realsense2_camera_msgs
[7.800s] -- Up-to-date: /home/matt/Desktop/luna/install/realsense2_camera_msgs/include/realsense2_camera_msgs/realsense2_camera_msgs/srv
[7.800s] -- Up-to-date: /home/matt/Desktop/luna/install/realsense2_camera_msgs/include/realsense2_camera_msgs/realsense2_camera_msgs/srv/detail
[7.801s] -- Installing: /home/matt/Desktop/luna/install/realsense2_camera_msgs/include/realsense2_camera_msgs/realsense2_camera_msgs/srv/detail/device_info__rosidl_typesupport_introspection_cpp.hpp
[7.801s] -- Installing: /home/matt/Desktop/luna/install/realsense2_camera_msgs/include/realsense2_camera_msgs/realsense2_camera_msgs/srv/detail/device_info__type_support.cpp
[7.801s] -- Up-to-date: /home/matt/Desktop/luna/install/realsense2_camera_msgs/include/realsense2_camera_msgs/realsense2_camera_msgs/msg
[7.801s] -- Up-to-date: /home/matt/Desktop/luna/install/realsense2_camera_msgs/include/realsense2_camera_msgs/realsense2_camera_msgs/msg/detail
[7.801s] -- Installing: /home/matt/Desktop/luna/install/realsense2_camera_msgs/include/realsense2_camera_msgs/realsense2_camera_msgs/msg/detail/imu_info__rosidl_typesupport_introspection_cpp.hpp
[7.801s] -- Installing: /home/matt/Desktop/luna/install/realsense2_camera_msgs/include/realsense2_camera_msgs/realsense2_camera_msgs/msg/detail/imu_info__type_support.cpp
[7.801s] -- Installing: /home/matt/Desktop/luna/install/realsense2_camera_msgs/include/realsense2_camera_msgs/realsense2_camera_msgs/msg/detail/metadata__rosidl_typesupport_introspection_cpp.hpp
[7.801s] -- Installing: /home/matt/Desktop/luna/install/realsense2_camera_msgs/include/realsense2_camera_msgs/realsense2_camera_msgs/msg/detail/metadata__type_support.cpp
[7.801s] -- Installing: /home/matt/Desktop/luna/install/realsense2_camera_msgs/include/realsense2_camera_msgs/realsense2_camera_msgs/msg/detail/extrinsics__type_support.cpp
[7.801s] -- Installing: /home/matt/Desktop/luna/install/realsense2_camera_msgs/include/realsense2_camera_msgs/realsense2_camera_msgs/msg/detail/extrinsics__rosidl_typesupport_introspection_cpp.hpp
[7.801s] -- Installing: /home/matt/Desktop/luna/install/realsense2_camera_msgs/include/realsense2_camera_msgs/realsense2_camera_msgs/msg/detail/rgbd__type_support.cpp
[7.801s] -- Installing: /home/matt/Desktop/luna/install/realsense2_camera_msgs/include/realsense2_camera_msgs/realsense2_camera_msgs/msg/detail/rgbd__rosidl_typesupport_introspection_cpp.hpp
[7.802s] -- Installing: /home/matt/Desktop/luna/install/realsense2_camera_msgs/lib/librealsense2_camera_msgs__rosidl_typesupport_introspection_cpp.so
[7.802s] -- Set runtime path of "/home/matt/Desktop/luna/install/realsense2_camera_msgs/lib/librealsense2_camera_msgs__rosidl_typesupport_introspection_cpp.so" to ""
[7.802s] -- Installing: /home/matt/Desktop/luna/install/realsense2_camera_msgs/lib/librealsense2_camera_msgs__rosidl_typesupport_cpp.so
[7.802s] -- Set runtime path of "/home/matt/Desktop/luna/install/realsense2_camera_msgs/lib/librealsense2_camera_msgs__rosidl_typesupport_cpp.so" to ""
[7.802s] -- Installing: /home/matt/Desktop/luna/install/realsense2_camera_msgs/share/realsense2_camera_msgs/environment/pythonpath.sh
[7.802s] -- Installing: /home/matt/Desktop/luna/install/realsense2_camera_msgs/share/realsense2_camera_msgs/environment/pythonpath.dsv
[7.803s] -- Installing: /home/matt/Desktop/luna/install/realsense2_camera_msgs/local/lib/python3.10/dist-packages/realsense2_camera_msgs-4.55.1-py3.10.egg-info
[7.803s] -- Installing: /home/matt/Desktop/luna/install/realsense2_camera_msgs/local/lib/python3.10/dist-packages/realsense2_camera_msgs-4.55.1-py3.10.egg-info/SOURCES.txt
[7.803s] -- Installing: /home/matt/Desktop/luna/install/realsense2_camera_msgs/local/lib/python3.10/dist-packages/realsense2_camera_msgs-4.55.1-py3.10.egg-info/dependency_links.txt
[7.803s] -- Installing: /home/matt/Desktop/luna/install/realsense2_camera_msgs/local/lib/python3.10/dist-packages/realsense2_camera_msgs-4.55.1-py3.10.egg-info/top_level.txt
[7.803s] -- Installing: /home/matt/Desktop/luna/install/realsense2_camera_msgs/local/lib/python3.10/dist-packages/realsense2_camera_msgs-4.55.1-py3.10.egg-info/PKG-INFO
[7.803s] -- Installing: /home/matt/Desktop/luna/install/realsense2_camera_msgs/local/lib/python3.10/dist-packages/realsense2_camera_msgs
[7.803s] -- Installing: /home/matt/Desktop/luna/install/realsense2_camera_msgs/local/lib/python3.10/dist-packages/realsense2_camera_msgs/realsense2_camera_msgs_s__rosidl_typesupport_fastrtps_c.cpython-310-x86_64-linux-gnu.so
[7.803s] -- Installing: /home/matt/Desktop/luna/install/realsense2_camera_msgs/local/lib/python3.10/dist-packages/realsense2_camera_msgs/srv
[7.803s] -- Installing: /home/matt/Desktop/luna/install/realsense2_camera_msgs/local/lib/python3.10/dist-packages/realsense2_camera_msgs/srv/_device_info_s.c
[7.803s] -- Installing: /home/matt/Desktop/luna/install/realsense2_camera_msgs/local/lib/python3.10/dist-packages/realsense2_camera_msgs/srv/__init__.py
[7.804s] -- Installing: /home/matt/Desktop/luna/install/realsense2_camera_msgs/local/lib/python3.10/dist-packages/realsense2_camera_msgs/srv/_device_info.py
[7.804s] -- Installing: /home/matt/Desktop/luna/install/realsense2_camera_msgs/local/lib/python3.10/dist-packages/realsense2_camera_msgs/_realsense2_camera_msgs_s.ep.rosidl_typesupport_introspection_c.c
[7.804s] -- Installing: /home/matt/Desktop/luna/install/realsense2_camera_msgs/local/lib/python3.10/dist-packages/realsense2_camera_msgs/_realsense2_camera_msgs_s.ep.rosidl_typesupport_fastrtps_c.c
[7.804s] -- Installing: /home/matt/Desktop/luna/install/realsense2_camera_msgs/local/lib/python3.10/dist-packages/realsense2_camera_msgs/realsense2_camera_msgs_s__rosidl_typesupport_c.cpython-310-x86_64-linux-gnu.so
[7.804s] -- Installing: /home/matt/Desktop/luna/install/realsense2_camera_msgs/local/lib/python3.10/dist-packages/realsense2_camera_msgs/realsense2_camera_msgs_s__rosidl_typesupport_introspection_c.cpython-310-x86_64-linux-gnu.so
[7.804s] -- Installing: /home/matt/Desktop/luna/install/realsense2_camera_msgs/local/lib/python3.10/dist-packages/realsense2_camera_msgs/librealsense2_camera_msgs__rosidl_generator_py.so
[7.804s] -- Installing: /home/matt/Desktop/luna/install/realsense2_camera_msgs/local/lib/python3.10/dist-packages/realsense2_camera_msgs/msg
[7.804s] -- Installing: /home/matt/Desktop/luna/install/realsense2_camera_msgs/local/lib/python3.10/dist-packages/realsense2_camera_msgs/msg/_metadata.py
[7.804s] -- Installing: /home/matt/Desktop/luna/install/realsense2_camera_msgs/local/lib/python3.10/dist-packages/realsense2_camera_msgs/msg/_rgbd_s.c
[7.805s] -- Installing: /home/matt/Desktop/luna/install/realsense2_camera_msgs/local/lib/python3.10/dist-packages/realsense2_camera_msgs/msg/_imu_info_s.c
[7.805s] -- Installing: /home/matt/Desktop/luna/install/realsense2_camera_msgs/local/lib/python3.10/dist-packages/realsense2_camera_msgs/msg/_extrinsics.py
[7.805s] -- Installing: /home/matt/Desktop/luna/install/realsense2_camera_msgs/local/lib/python3.10/dist-packages/realsense2_camera_msgs/msg/_rgbd.py
[7.805s] -- Installing: /home/matt/Desktop/luna/install/realsense2_camera_msgs/local/lib/python3.10/dist-packages/realsense2_camera_msgs/msg/_imu_info.py
[7.805s] -- Installing: /home/matt/Desktop/luna/install/realsense2_camera_msgs/local/lib/python3.10/dist-packages/realsense2_camera_msgs/msg/_metadata_s.c
[7.805s] -- Installing: /home/matt/Desktop/luna/install/realsense2_camera_msgs/local/lib/python3.10/dist-packages/realsense2_camera_msgs/msg/_extrinsics_s.c
[7.805s] -- Installing: /home/matt/Desktop/luna/install/realsense2_camera_msgs/local/lib/python3.10/dist-packages/realsense2_camera_msgs/msg/__init__.py
[7.805s] -- Installing: /home/matt/Desktop/luna/install/realsense2_camera_msgs/local/lib/python3.10/dist-packages/realsense2_camera_msgs/__init__.py
[7.805s] -- Installing: /home/matt/Desktop/luna/install/realsense2_camera_msgs/local/lib/python3.10/dist-packages/realsense2_camera_msgs/_realsense2_camera_msgs_s.ep.rosidl_typesupport_c.c
[7.842s] Listing '/home/matt/Desktop/luna/install/realsense2_camera_msgs/local/lib/python3.10/dist-packages/realsense2_camera_msgs'...
[7.843s] Compiling '/home/matt/Desktop/luna/install/realsense2_camera_msgs/local/lib/python3.10/dist-packages/realsense2_camera_msgs/__init__.py'...
[7.843s] Listing '/home/matt/Desktop/luna/install/realsense2_camera_msgs/local/lib/python3.10/dist-packages/realsense2_camera_msgs/msg'...
[7.843s] Compiling '/home/matt/Desktop/luna/install/realsense2_camera_msgs/local/lib/python3.10/dist-packages/realsense2_camera_msgs/msg/__init__.py'...
[7.843s] Compiling '/home/matt/Desktop/luna/install/realsense2_camera_msgs/local/lib/python3.10/dist-packages/realsense2_camera_msgs/msg/_extrinsics.py'...
[7.843s] Compiling '/home/matt/Desktop/luna/install/realsense2_camera_msgs/local/lib/python3.10/dist-packages/realsense2_camera_msgs/msg/_imu_info.py'...
[7.843s] Compiling '/home/matt/Desktop/luna/install/realsense2_camera_msgs/local/lib/python3.10/dist-packages/realsense2_camera_msgs/msg/_metadata.py'...
[7.843s] Compiling '/home/matt/Desktop/luna/install/realsense2_camera_msgs/local/lib/python3.10/dist-packages/realsense2_camera_msgs/msg/_rgbd.py'...
[7.843s] Listing '/home/matt/Desktop/luna/install/realsense2_camera_msgs/local/lib/python3.10/dist-packages/realsense2_camera_msgs/srv'...
[7.843s] Compiling '/home/matt/Desktop/luna/install/realsense2_camera_msgs/local/lib/python3.10/dist-packages/realsense2_camera_msgs/srv/__init__.py'...
[7.843s] Compiling '/home/matt/Desktop/luna/install/realsense2_camera_msgs/local/lib/python3.10/dist-packages/realsense2_camera_msgs/srv/_device_info.py'...
[7.847s] -- Installing: /home/matt/Desktop/luna/install/realsense2_camera_msgs/local/lib/python3.10/dist-packages/realsense2_camera_msgs/realsense2_camera_msgs_s__rosidl_typesupport_fastrtps_c.cpython-310-x86_64-linux-gnu.so
[7.848s] -- Set runtime path of "/home/matt/Desktop/luna/install/realsense2_camera_msgs/local/lib/python3.10/dist-packages/realsense2_camera_msgs/realsense2_camera_msgs_s__rosidl_typesupport_fastrtps_c.cpython-310-x86_64-linux-gnu.so" to ""
[7.848s] -- Installing: /home/matt/Desktop/luna/install/realsense2_camera_msgs/local/lib/python3.10/dist-packages/realsense2_camera_msgs/realsense2_camera_msgs_s__rosidl_typesupport_introspection_c.cpython-310-x86_64-linux-gnu.so
[7.848s] -- Set runtime path of "/home/matt/Desktop/luna/install/realsense2_camera_msgs/local/lib/python3.10/dist-packages/realsense2_camera_msgs/realsense2_camera_msgs_s__rosidl_typesupport_introspection_c.cpython-310-x86_64-linux-gnu.so" to ""
[7.848s] -- Installing: /home/matt/Desktop/luna/install/realsense2_camera_msgs/local/lib/python3.10/dist-packages/realsense2_camera_msgs/realsense2_camera_msgs_s__rosidl_typesupport_c.cpython-310-x86_64-linux-gnu.so
[7.849s] -- Set runtime path of "/home/matt/Desktop/luna/install/realsense2_camera_msgs/local/lib/python3.10/dist-packages/realsense2_camera_msgs/realsense2_camera_msgs_s__rosidl_typesupport_c.cpython-310-x86_64-linux-gnu.so" to ""
[7.849s] -- Installing: /home/matt/Desktop/luna/install/realsense2_camera_msgs/lib/librealsense2_camera_msgs__rosidl_generator_py.so
[7.849s] -- Set runtime path of "/home/matt/Desktop/luna/install/realsense2_camera_msgs/lib/librealsense2_camera_msgs__rosidl_generator_py.so" to ""
[7.849s] -- Installing: /home/matt/Desktop/luna/install/realsense2_camera_msgs/share/realsense2_camera_msgs/msg/IMUInfo.idl
[7.849s] -- Installing: /home/matt/Desktop/luna/install/realsense2_camera_msgs/share/realsense2_camera_msgs/msg/Extrinsics.idl
[7.849s] -- Installing: /home/matt/Desktop/luna/install/realsense2_camera_msgs/share/realsense2_camera_msgs/msg/Metadata.idl
[7.849s] -- Installing: /home/matt/Desktop/luna/install/realsense2_camera_msgs/share/realsense2_camera_msgs/msg/RGBD.idl
[7.850s] -- Installing: /home/matt/Desktop/luna/install/realsense2_camera_msgs/share/realsense2_camera_msgs/srv/DeviceInfo.idl
[7.850s] -- Installing: /home/matt/Desktop/luna/install/realsense2_camera_msgs/share/realsense2_camera_msgs/msg/IMUInfo.msg
[7.850s] -- Installing: /home/matt/Desktop/luna/install/realsense2_camera_msgs/share/realsense2_camera_msgs/msg/Extrinsics.msg
[7.850s] -- Installing: /home/matt/Desktop/luna/install/realsense2_camera_msgs/share/realsense2_camera_msgs/msg/Metadata.msg
[7.850s] -- Installing: /home/matt/Desktop/luna/install/realsense2_camera_msgs/share/realsense2_camera_msgs/msg/RGBD.msg
[7.850s] -- Installing: /home/matt/Desktop/luna/install/realsense2_camera_msgs/share/realsense2_camera_msgs/srv/DeviceInfo.srv
[7.850s] -- Installing: /home/matt/Desktop/luna/install/realsense2_camera_msgs/share/realsense2_camera_msgs/srv/DeviceInfo_Request.msg
[7.850s] -- Installing: /home/matt/Desktop/luna/install/realsense2_camera_msgs/share/realsense2_camera_msgs/srv/DeviceInfo_Response.msg
[7.851s] -- Installing: /home/matt/Desktop/luna/install/realsense2_camera_msgs/share/ament_index/resource_index/package_run_dependencies/realsense2_camera_msgs
[7.851s] -- Installing: /home/matt/Desktop/luna/install/realsense2_camera_msgs/share/ament_index/resource_index/parent_prefix_path/realsense2_camera_msgs
[7.851s] -- Installing: /home/matt/Desktop/luna/install/realsense2_camera_msgs/share/realsense2_camera_msgs/environment/ament_prefix_path.sh
[7.851s] -- Installing: /home/matt/Desktop/luna/install/realsense2_camera_msgs/share/realsense2_camera_msgs/environment/ament_prefix_path.dsv
[7.851s] -- Installing: /home/matt/Desktop/luna/install/realsense2_camera_msgs/share/realsense2_camera_msgs/environment/path.sh
[7.851s] -- Installing: /home/matt/Desktop/luna/install/realsense2_camera_msgs/share/realsense2_camera_msgs/environment/path.dsv
[7.851s] -- Installing: /home/matt/Desktop/luna/install/realsense2_camera_msgs/share/realsense2_camera_msgs/local_setup.bash
[7.852s] -- Installing: /home/matt/Desktop/luna/install/realsense2_camera_msgs/share/realsense2_camera_msgs/local_setup.sh
[7.852s] -- Installing: /home/matt/Desktop/luna/install/realsense2_camera_msgs/share/realsense2_camera_msgs/local_setup.zsh
[7.852s] -- Installing: /home/matt/Desktop/luna/install/realsense2_camera_msgs/share/realsense2_camera_msgs/local_setup.dsv
[7.852s] -- Installing: /home/matt/Desktop/luna/install/realsense2_camera_msgs/share/realsense2_camera_msgs/package.dsv
[7.852s] -- Installing: /home/matt/Desktop/luna/install/realsense2_camera_msgs/share/ament_index/resource_index/packages/realsense2_camera_msgs
[7.852s] -- Installing: /home/matt/Desktop/luna/install/realsense2_camera_msgs/share/realsense2_camera_msgs/cmake/export_realsense2_camera_msgs__rosidl_generator_cExport.cmake
[7.852s] -- Installing: /home/matt/Desktop/luna/install/realsense2_camera_msgs/share/realsense2_camera_msgs/cmake/export_realsense2_camera_msgs__rosidl_generator_cExport-noconfig.cmake
[7.852s] -- Installing: /home/matt/Desktop/luna/install/realsense2_camera_msgs/share/realsense2_camera_msgs/cmake/export_realsense2_camera_msgs__rosidl_typesupport_fastrtps_cExport.cmake
[7.853s] -- Installing: /home/matt/Desktop/luna/install/realsense2_camera_msgs/share/realsense2_camera_msgs/cmake/export_realsense2_camera_msgs__rosidl_typesupport_fastrtps_cExport-noconfig.cmake
[7.853s] -- Installing: /home/matt/Desktop/luna/install/realsense2_camera_msgs/share/realsense2_camera_msgs/cmake/realsense2_camera_msgs__rosidl_typesupport_introspection_cExport.cmake
[7.853s] -- Installing: /home/matt/Desktop/luna/install/realsense2_camera_msgs/share/realsense2_camera_msgs/cmake/realsense2_camera_msgs__rosidl_typesupport_introspection_cExport-noconfig.cmake
[7.853s] -- Installing: /home/matt/Desktop/luna/install/realsense2_camera_msgs/share/realsense2_camera_msgs/cmake/realsense2_camera_msgs__rosidl_typesupport_cExport.cmake
[7.853s] -- Installing: /home/matt/Desktop/luna/install/realsense2_camera_msgs/share/realsense2_camera_msgs/cmake/realsense2_camera_msgs__rosidl_typesupport_cExport-noconfig.cmake
[7.853s] -- Installing: /home/matt/Desktop/luna/install/realsense2_camera_msgs/share/realsense2_camera_msgs/cmake/export_realsense2_camera_msgs__rosidl_generator_cppExport.cmake
[7.853s] -- Installing: /home/matt/Desktop/luna/install/realsense2_camera_msgs/share/realsense2_camera_msgs/cmake/export_realsense2_camera_msgs__rosidl_typesupport_fastrtps_cppExport.cmake
[7.854s] -- Installing: /home/matt/Desktop/luna/install/realsense2_camera_msgs/share/realsense2_camera_msgs/cmake/export_realsense2_camera_msgs__rosidl_typesupport_fastrtps_cppExport-noconfig.cmake
[7.854s] -- Installing: /home/matt/Desktop/luna/install/realsense2_camera_msgs/share/realsense2_camera_msgs/cmake/realsense2_camera_msgs__rosidl_typesupport_introspection_cppExport.cmake
[7.854s] -- Installing: /home/matt/Desktop/luna/install/realsense2_camera_msgs/share/realsense2_camera_msgs/cmake/realsense2_camera_msgs__rosidl_typesupport_introspection_cppExport-noconfig.cmake
[7.854s] -- Installing: /home/matt/Desktop/luna/install/realsense2_camera_msgs/share/realsense2_camera_msgs/cmake/realsense2_camera_msgs__rosidl_typesupport_cppExport.cmake
[7.854s] -- Installing: /home/matt/Desktop/luna/install/realsense2_camera_msgs/share/realsense2_camera_msgs/cmake/realsense2_camera_msgs__rosidl_typesupport_cppExport-noconfig.cmake
[7.854s] -- Installing: /home/matt/Desktop/luna/install/realsense2_camera_msgs/share/realsense2_camera_msgs/cmake/export_realsense2_camera_msgs__rosidl_generator_pyExport.cmake
[7.854s] -- Installing: /home/matt/Desktop/luna/install/realsense2_camera_msgs/share/realsense2_camera_msgs/cmake/export_realsense2_camera_msgs__rosidl_generator_pyExport-noconfig.cmake
[7.855s] -- Installing: /home/matt/Desktop/luna/install/realsense2_camera_msgs/share/realsense2_camera_msgs/cmake/rosidl_cmake-extras.cmake
[7.855s] -- Installing: /home/matt/Desktop/luna/install/realsense2_camera_msgs/share/realsense2_camera_msgs/cmake/ament_cmake_export_dependencies-extras.cmake
[7.855s] -- Installing: /home/matt/Desktop/luna/install/realsense2_camera_msgs/share/realsense2_camera_msgs/cmake/ament_cmake_export_include_directories-extras.cmake
[7.855s] -- Installing: /home/matt/Desktop/luna/install/realsense2_camera_msgs/share/realsense2_camera_msgs/cmake/ament_cmake_export_libraries-extras.cmake
[7.855s] -- Installing: /home/matt/Desktop/luna/install/realsense2_camera_msgs/share/realsense2_camera_msgs/cmake/ament_cmake_export_targets-extras.cmake
[7.855s] -- Installing: /home/matt/Desktop/luna/install/realsense2_camera_msgs/share/realsense2_camera_msgs/cmake/rosidl_cmake_export_typesupport_targets-extras.cmake
[7.855s] -- Installing: /home/matt/Desktop/luna/install/realsense2_camera_msgs/share/realsense2_camera_msgs/cmake/rosidl_cmake_export_typesupport_libraries-extras.cmake
[7.855s] -- Installing: /home/matt/Desktop/luna/install/realsense2_camera_msgs/share/realsense2_camera_msgs/cmake/realsense2_camera_msgsConfig.cmake
[7.856s] -- Installing: /home/matt/Desktop/luna/install/realsense2_camera_msgs/share/realsense2_camera_msgs/cmake/realsense2_camera_msgsConfig-version.cmake
[7.856s] -- Installing: /home/matt/Desktop/luna/install/realsense2_camera_msgs/share/realsense2_camera_msgs/package.xml
[7.858s] Invoked command in '/home/matt/Desktop/luna/build/realsense2_camera_msgs' returned '0': CMAKE_PREFIX_PATH=/opt/ros/humble /usr/bin/cmake --install /home/matt/Desktop/luna/build/realsense2_camera_msgs
